Started GET "/" for ::1 at 2020-10-08 16:36:51 -0700
DEPRECATION WARNING: ActiveRecord::Base.raise_in_transactional_callbacks= is deprecated, has no effect and will be removed without replacement. (called from block (3 levels) in <class:Railtie> at /Users/carlosgarciajr/.rbenv/versions/2.5.1/lib/ruby/gems/2.5.0/gems/activerecord-5.0.7.2/lib/active_record/railtie.rb:113)
Processing by StaticPagesController#index as HTML
  Rendering static_pages/index.html.erb within layouts/application
  Rendered shared/_main_nav.html.erb (0.3ms)
  Rendered shared/_masthead.html.erb (0.2ms)
  Rendered shared/_sections_nav.html.erb (0.2ms)
  Rendered shared/_search_modal.html.erb (0.2ms)
  Rendered shared/_main_content.html.erb (0.2ms)
  Rendered static_pages/index.html.erb within layouts/application (15.2ms)
Completed 200 OK in 362ms (Views: 358.9ms | ActiveRecord: 0.0ms)


Started GET "/assets/application.self-5e5b219656abf8c4e83f7dfd5e5f4f415d8fe2348d16620303a4ed96d1b5a144.css?body=1" for ::1 at 2020-10-08 16:36:52 -0700
Started GET "/" for ::1 at 2020-10-08 16:36:53 -0700
Processing by StaticPagesController#index as HTML
  Rendering static_pages/index.html.erb within layouts/application
  Rendered shared/_main_nav.html.erb (0.2ms)
  Rendered shared/_masthead.html.erb (0.2ms)
  Rendered shared/_sections_nav.html.erb (0.2ms)
  Rendered shared/_search_modal.html.erb (0.2ms)
  Rendered shared/_main_content.html.erb (0.1ms)
  Rendered static_pages/index.html.erb within layouts/application (13.2ms)
Completed 200 OK in 29ms (Views: 26.9ms | ActiveRecord: 0.0ms)


Started GET "/" for ::1 at 2020-10-08 16:37:17 -0700
Processing by StaticPagesController#index as HTML
  Rendering static_pages/index.html.erb within layouts/application
  Rendered shared/_main_nav.html.erb (0.2ms)
  Rendered shared/_masthead.html.erb (0.2ms)
  Rendered shared/_sections_nav.html.erb (0.2ms)
  Rendered shared/_search_modal.html.erb (0.2ms)
  Rendered shared/_main_content.html.erb (0.2ms)
  Rendered static_pages/index.html.erb within layouts/application (14.6ms)
Completed 200 OK in 35ms (Views: 31.8ms | ActiveRecord: 0.0ms)


Started GET "/" for ::1 at 2020-10-08 16:37:20 -0700
Processing by StaticPagesController#index as HTML
  Rendering static_pages/index.html.erb within layouts/application
  Rendered shared/_main_nav.html.erb (0.2ms)
  Rendered shared/_masthead.html.erb (0.2ms)
  Rendered shared/_sections_nav.html.erb (0.2ms)
  Rendered shared/_search_modal.html.erb (0.2ms)
  Rendered shared/_main_content.html.erb (0.2ms)
  Rendered static_pages/index.html.erb within layouts/application (12.8ms)
Completed 200 OK in 30ms (Views: 27.7ms | ActiveRecord: 0.0ms)


Started GET "/" for ::1 at 2020-10-09 09:59:50 -0700
DEPRECATION WARNING: ActiveRecord::Base.raise_in_transactional_callbacks= is deprecated, has no effect and will be removed without replacement. (called from block (3 levels) in <class:Railtie> at /Users/carlosgarciajr/.rbenv/versions/2.5.1/lib/ruby/gems/2.5.0/gems/activerecord-5.0.7.2/lib/active_record/railtie.rb:113)
Processing by StaticPagesController#index as HTML
  Rendering static_pages/index.html.erb within layouts/application
  Rendered shared/_main_nav.html.erb (0.3ms)
  Rendered shared/_masthead.html.erb (0.2ms)
  Rendered shared/_sections_nav.html.erb (0.2ms)
  Rendered shared/_search_modal.html.erb (0.2ms)
  Rendered shared/_main_content.html.erb (0.2ms)
  Rendered static_pages/index.html.erb within layouts/application (15.4ms)
Completed 200 OK in 353ms (Views: 350.1ms | ActiveRecord: 0.0ms)


Started GET "/assets/application.self-7aae4f884d21c0f895d0e25909b4a3857ca3f7bdd4412baf28bf32a8b1f558b1.css?body=1" for ::1 at 2020-10-09 09:59:51 -0700
Started GET "/" for ::1 at 2020-10-09 10:00:16 -0700
Processing by StaticPagesController#index as HTML
  Rendering static_pages/index.html.erb within layouts/application
  Rendered shared/_main_nav.html.erb (0.2ms)
  Rendered shared/_masthead.html.erb (0.2ms)
  Rendered shared/_sections_nav.html.erb (0.1ms)
  Rendered shared/_search_modal.html.erb (0.2ms)
  Rendered shared/_main_content.html.erb (0.4ms)
  Rendered static_pages/index.html.erb within layouts/application (12.9ms)
Completed 200 OK in 34ms (Views: 30.5ms | ActiveRecord: 0.0ms)


Started GET "/assets/new_office.jpg" for ::1 at 2020-10-09 10:00:16 -0700
Started GET "/" for ::1 at 2020-10-09 10:03:51 -0700
Processing by StaticPagesController#index as HTML
  Rendering static_pages/index.html.erb within layouts/application
  Rendered shared/_main_nav.html.erb (0.2ms)
  Rendered shared/_masthead.html.erb (0.2ms)
  Rendered shared/_sections_nav.html.erb (0.3ms)
  Rendered shared/_search_modal.html.erb (0.2ms)
  Rendered shared/_main_content.html.erb (0.3ms)
  Rendered static_pages/index.html.erb within layouts/application (13.1ms)
Completed 200 OK in 109ms (Views: 104.9ms | ActiveRecord: 0.0ms)


Started GET "/assets/application.self-e229079662ba64eec2df88cc9898f07a6b5005419aa37c928d3d684a6d58d3e4.css?body=1" for ::1 at 2020-10-09 10:03:51 -0700
Started GET "/assets/new_office.jpg" for ::1 at 2020-10-09 10:03:51 -0700
Started GET "/" for ::1 at 2020-10-12 13:48:14 -0700
DEPRECATION WARNING: ActiveRecord::Base.raise_in_transactional_callbacks= is deprecated, has no effect and will be removed without replacement. (called from block (3 levels) in <class:Railtie> at /Users/carlosgarciajr/.rbenv/versions/2.5.1/lib/ruby/gems/2.5.0/gems/activerecord-5.0.7.2/lib/active_record/railtie.rb:113)
Processing by StaticPagesController#index as HTML
  Rendering static_pages/index.html.erb within layouts/application
  Rendered shared/_main_nav.html.erb (0.2ms)
  Rendered shared/_masthead.html.erb (0.1ms)
  Rendered shared/_sections_nav.html.erb (0.1ms)
  Rendered shared/_search_modal.html.erb (0.2ms)
  Rendered shared/_main_content.html.erb (0.3ms)
  Rendered static_pages/index.html.erb within layouts/application (14.5ms)
Completed 500 Internal Server Error in 194ms (ActiveRecord: 0.0ms)



Sass::SyntaxError - File to import not found or unreadable: base/grid.scss.
Load paths:
  /Users/carlosgarciajr/Documents/programming/app_academy_work/curriculum/html-css/projects/aa_times/skeleton/app/assets/images
  /Users/carlosgarciajr/Documents/programming/app_academy_work/curriculum/html-css/projects/aa_times/skeleton/app/assets/javascripts
  /Users/carlosgarciajr/Documents/programming/app_academy_work/curriculum/html-css/projects/aa_times/skeleton/app/assets/stylesheets
  /Users/carlosgarciajr/Documents/programming/app_academy_work/curriculum/html-css/projects/aa_times/skeleton/vendor/assets/javascripts
  /Users/carlosgarciajr/Documents/programming/app_academy_work/curriculum/html-css/projects/aa_times/skeleton/vendor/assets/stylesheets
  /Users/carlosgarciajr/.rbenv/versions/2.5.1/lib/ruby/gems/2.5.0/gems/jquery-rails-4.4.0/vendor/assets/javascripts
  /Users/carlosgarciajr/.rbenv/versions/2.5.1/lib/ruby/gems/2.5.0/gems/coffee-rails-4.2.2/lib/assets/javascripts
  /Users/carlosgarciajr/.rbenv/versions/2.5.1/lib/ruby/gems/2.5.0/gems/actioncable-5.0.7.2/lib/assets/compiled:
  app/views/layouts/application.html.erb:7:in `_app_views_layouts_application_html_erb___270333905406359367_70279989431840'

Started POST "/__better_errors/927a171e4587d656/variables" for ::1 at 2020-10-12 13:48:14 -0700
Started GET "/" for ::1 at 2020-10-12 13:48:41 -0700
Processing by StaticPagesController#index as HTML
  Rendering static_pages/index.html.erb within layouts/application
  Rendered shared/_main_nav.html.erb (0.2ms)
  Rendered shared/_masthead.html.erb (0.1ms)
  Rendered shared/_sections_nav.html.erb (0.3ms)
  Rendered shared/_search_modal.html.erb (0.3ms)
  Rendered shared/_main_content.html.erb (0.2ms)
  Rendered static_pages/index.html.erb within layouts/application (12.8ms)
Completed 200 OK in 110ms (Views: 107.4ms | ActiveRecord: 0.0ms)


Started GET "/assets/application.self-1237ad35a9ee79bd64030d4638d1fd80f6734c490eb538e0dd01d7af3c16bf40.css?body=1" for ::1 at 2020-10-12 13:48:41 -0700
Started GET "/" for ::1 at 2020-10-12 13:48:43 -0700
Processing by StaticPagesController#index as HTML
  Rendering static_pages/index.html.erb within layouts/application
  Rendered shared/_main_nav.html.erb (0.2ms)
  Rendered shared/_masthead.html.erb (0.2ms)
  Rendered shared/_sections_nav.html.erb (0.2ms)
  Rendered shared/_search_modal.html.erb (0.2ms)
  Rendered shared/_main_content.html.erb (0.2ms)
  Rendered static_pages/index.html.erb within layouts/application (13.1ms)
Completed 200 OK in 33ms (Views: 29.9ms | ActiveRecord: 0.0ms)


Started GET "/" for ::1 at 2020-10-12 13:55:52 -0700
DEPRECATION WARNING: ActiveRecord::Base.raise_in_transactional_callbacks= is deprecated, has no effect and will be removed without replacement. (called from block (3 levels) in <class:Railtie> at /Users/carlosgarciajr/.rbenv/versions/2.5.1/lib/ruby/gems/2.5.0/gems/activerecord-5.0.7.2/lib/active_record/railtie.rb:113)
Processing by StaticPagesController#index as HTML
  Rendering static_pages/index.html.erb within layouts/application
  Rendered shared/_main_nav.html.erb (0.2ms)
  Rendered shared/_masthead.html.erb (0.1ms)
  Rendered shared/_sections_nav.html.erb (0.3ms)
  Rendered shared/_search_modal.html.erb (0.2ms)
  Rendered shared/_main_content.html.erb (0.3ms)
  Rendered static_pages/index.html.erb within layouts/application (14.6ms)
Completed 200 OK in 257ms (Views: 254.8ms | ActiveRecord: 0.0ms)


Started GET "/assets/application.self-758afe40c177e32f890a8b8e23f11571b5d1785af915c0789bd6a19191afc6ab.css?body=1" for ::1 at 2020-10-12 13:55:52 -0700
Started GET "/assets/new_office.jpg" for ::1 at 2020-10-12 13:55:52 -0700
Started GET "/" for ::1 at 2020-10-12 13:56:32 -0700
Processing by StaticPagesController#index as HTML
  Rendering static_pages/index.html.erb within layouts/application
  Rendered shared/_main_nav.html.erb (0.1ms)
  Rendered shared/_masthead.html.erb (0.2ms)
  Rendered shared/_sections_nav.html.erb (0.1ms)
  Rendered shared/_search_modal.html.erb (0.3ms)
  Rendered shared/_main_content.html.erb (0.3ms)
  Rendered static_pages/index.html.erb within layouts/application (12.3ms)
Completed 200 OK in 75ms (Views: 72.8ms | ActiveRecord: 0.0ms)


Started GET "/assets/application.self-e229079662ba64eec2df88cc9898f07a6b5005419aa37c928d3d684a6d58d3e4.css?body=1" for ::1 at 2020-10-12 13:56:32 -0700
Started GET "/assets/new_office.jpg" for ::1 at 2020-10-12 13:56:32 -0700
Started GET "/" for ::1 at 2020-10-12 13:56:33 -0700
Processing by StaticPagesController#index as HTML
  Rendering static_pages/index.html.erb within layouts/application
  Rendered shared/_main_nav.html.erb (0.2ms)
  Rendered shared/_masthead.html.erb (0.2ms)
  Rendered shared/_sections_nav.html.erb (0.2ms)
  Rendered shared/_search_modal.html.erb (0.2ms)
  Rendered shared/_main_content.html.erb (0.2ms)
  Rendered static_pages/index.html.erb within layouts/application (12.9ms)
Completed 200 OK in 34ms (Views: 31.3ms | ActiveRecord: 0.0ms)


Started GET "/assets/new_office.jpg" for ::1 at 2020-10-12 13:56:33 -0700
Started GET "/" for ::1 at 2020-10-12 13:57:15 -0700
Processing by StaticPagesController#index as HTML
  Rendering static_pages/index.html.erb within layouts/application
  Rendered shared/_main_nav.html.erb (0.2ms)
  Rendered shared/_masthead.html.erb (0.2ms)
  Rendered shared/_sections_nav.html.erb (0.2ms)
  Rendered shared/_search_modal.html.erb (0.2ms)
  Rendered shared/_main_content.html.erb (0.3ms)
  Rendered static_pages/index.html.erb within layouts/application (12.6ms)
Completed 200 OK in 92ms (Views: 88.2ms | ActiveRecord: 0.0ms)


Started GET "/assets/application.self-7aae4f884d21c0f895d0e25909b4a3857ca3f7bdd4412baf28bf32a8b1f558b1.css?body=1" for ::1 at 2020-10-12 13:57:15 -0700
Started GET "/assets/new_office.jpg" for ::1 at 2020-10-12 13:57:15 -0700
Started GET "/cats" for ::1 at 2021-06-03 10:12:12 -0400
DEPRECATION WARNING: ActiveRecord::Base.raise_in_transactional_callbacks= is deprecated, has no effect and will be removed without replacement. (called from block (3 levels) in <class:Railtie> at /home/isaac/.rbenv/versions/2.5.1/lib/ruby/gems/2.5.0/gems/activerecord-5.0.7.2/lib/active_record/railtie.rb:113)
  
ActionController::RoutingError (No route matches [GET] "/cats"):
  
actionpack (5.0.7.2) lib/action_dispatch/middleware/debug_exceptions.rb:53:in `call'
web-console (3.7.0) lib/web_console/middleware.rb:135:in `call_app'
web-console (3.7.0) lib/web_console/middleware.rb:30:in `block in call'
web-console (3.7.0) lib/web_console/middleware.rb:20:in `catch'
web-console (3.7.0) lib/web_console/middleware.rb:20:in `call'
actionpack (5.0.7.2) lib/action_dispatch/middleware/show_exceptions.rb:31:in `call'
railties (5.0.7.2) lib/rails/rack/logger.rb:36:in `call_app'
railties (5.0.7.2) lib/rails/rack/logger.rb:24:in `block in call'
activesupport (5.0.7.2) lib/active_support/tagged_logging.rb:69:in `block in tagged'
activesupport (5.0.7.2) lib/active_support/tagged_logging.rb:26:in `tagged'
activesupport (5.0.7.2) lib/active_support/tagged_logging.rb:69:in `tagged'
railties (5.0.7.2) lib/rails/rack/logger.rb:24:in `call'
actionpack (5.0.7.2) lib/action_dispatch/middleware/request_id.rb:24:in `call'
rack (2.2.3) lib/rack/method_override.rb:24:in `call'
rack (2.2.3) lib/rack/runtime.rb:22:in `call'
activesupport (5.0.7.2) lib/active_support/cache/strategy/local_cache_middleware.rb:28:in `call'
actionpack (5.0.7.2) lib/action_dispatch/middleware/executor.rb:12:in `call'
rack-livereload (0.3.17) lib/rack/livereload.rb:23:in `_call'
rack-livereload (0.3.17) lib/rack/livereload.rb:14:in `call'
actionpack (5.0.7.2) lib/action_dispatch/middleware/static.rb:136:in `call'
rack (2.2.3) lib/rack/sendfile.rb:110:in `call'
railties (5.0.7.2) lib/rails/engine.rb:522:in `call'
puma (3.12.6) lib/puma/configuration.rb:227:in `call'
puma (3.12.6) lib/puma/server.rb:706:in `handle_request'
puma (3.12.6) lib/puma/server.rb:476:in `process_client'
puma (3.12.6) lib/puma/server.rb:334:in `block in run'
puma (3.12.6) lib/puma/thread_pool.rb:135:in `block in spawn_thread'
  Rendering /home/isaac/.rbenv/versions/2.5.1/lib/ruby/gems/2.5.0/gems/actionpack-5.0.7.2/lib/action_dispatch/middleware/templates/rescues/routing_error.html.erb within rescues/layout
  Rendering /home/isaac/.rbenv/versions/2.5.1/lib/ruby/gems/2.5.0/gems/actionpack-5.0.7.2/lib/action_dispatch/middleware/templates/rescues/_trace.html.erb
  Rendered /home/isaac/.rbenv/versions/2.5.1/lib/ruby/gems/2.5.0/gems/actionpack-5.0.7.2/lib/action_dispatch/middleware/templates/rescues/_trace.html.erb (1.1ms)
  Rendered collection of /home/isaac/.rbenv/versions/2.5.1/lib/ruby/gems/2.5.0/gems/actionpack-5.0.7.2/lib/action_dispatch/middleware/templates/routes/_route.html.erb [1 times] (1.9ms)
  Rendered /home/isaac/.rbenv/versions/2.5.1/lib/ruby/gems/2.5.0/gems/actionpack-5.0.7.2/lib/action_dispatch/middleware/templates/routes/_table.html.erb (5.2ms)
  Rendering /home/isaac/.rbenv/versions/2.5.1/lib/ruby/gems/2.5.0/gems/actionpack-5.0.7.2/lib/action_dispatch/middleware/templates/rescues/_request_and_response.html.erb
  Rendered /home/isaac/.rbenv/versions/2.5.1/lib/ruby/gems/2.5.0/gems/actionpack-5.0.7.2/lib/action_dispatch/middleware/templates/rescues/_request_and_response.html.erb (4.3ms)
  Rendered /home/isaac/.rbenv/versions/2.5.1/lib/ruby/gems/2.5.0/gems/actionpack-5.0.7.2/lib/action_dispatch/middleware/templates/rescues/routing_error.html.erb within rescues/layout (32.9ms)
Started GET "/" for ::1 at 2021-06-03 10:12:15 -0400
Processing by StaticPagesController#index as HTML
  Rendering static_pages/index.html.erb within layouts/application
  Rendered shared/_main_nav.html.erb (0.8ms)
  Rendered shared/_masthead.html.erb (0.8ms)
  Rendered shared/_sections_nav.html.erb (0.3ms)
  Rendered shared/_search_modal.html.erb (0.2ms)
  Rendered shared/_main_content.html.erb (0.2ms)
  Rendered static_pages/index.html.erb within layouts/application (10.4ms)
Completed 200 OK in 325ms (Views: 323.8ms | ActiveRecord: 0.0ms)


Started GET "/assets/application.self-817c10d7cb9881b51a773448366471816a073c86b9295e389f0b9898f7f31205.css?body=1" for ::1 at 2021-06-03 10:12:15 -0400
Started GET "/assets/jquery.self-bd7ddd393353a8d2480a622e80342adf488fb6006d667e8b42e4c0073393abee.js?body=1" for ::1 at 2021-06-03 10:12:15 -0400
Started GET "/assets/jquery_ujs.self-784a997f6726036b1993eb2217c9cb558e1cbb801c6da88105588c56f13b466a.js?body=1" for ::1 at 2021-06-03 10:12:15 -0400
Started GET "/assets/components/sidebar.self-2a1277f850a6fa21e1a974ef5152f177ac05516477d5081d593bb137b3d6808b.js?body=1" for ::1 at 2021-06-03 10:12:15 -0400
Started GET "/assets/components/modal.self-52188644dbb47def5ee35ae02e69eb567ca9b664472357a8a5789dd39032a265.js?body=1" for ::1 at 2021-06-03 10:12:15 -0400
Started GET "/assets/application.self-f571b9db02bf4ed04c38a6a29072ac382f7d4f47db1fab9817aeadb0d8665235.js?body=1" for ::1 at 2021-06-03 10:12:15 -0400
Started GET "/" for ::1 at 2021-06-03 10:13:47 -0400
Processing by StaticPagesController#index as HTML
  Rendering static_pages/index.html.erb within layouts/application
  Rendered shared/_main_nav.html.erb (0.5ms)
  Rendered shared/_masthead.html.erb (0.2ms)
  Rendered shared/_sections_nav.html.erb (0.1ms)
  Rendered shared/_search_modal.html.erb (0.1ms)
  Rendered shared/_main_content.html.erb (0.2ms)
  Rendered static_pages/index.html.erb within layouts/application (3.4ms)
Completed 200 OK in 13ms (Views: 12.4ms | ActiveRecord: 0.0ms)


Started GET "/" for ::1 at 2021-06-03 10:15:07 -0400
Processing by StaticPagesController#index as HTML
  Rendering static_pages/index.html.erb within layouts/application
  Rendered shared/_main_nav.html.erb (0.2ms)
  Rendered shared/_masthead.html.erb (0.1ms)
  Rendered shared/_sections_nav.html.erb (0.2ms)
  Rendered shared/_search_modal.html.erb (0.2ms)
  Rendered shared/_main_content.html.erb (0.1ms)
  Rendered static_pages/index.html.erb within layouts/application (3.4ms)
Completed 200 OK in 15ms (Views: 14.0ms | ActiveRecord: 0.0ms)


Started GET "/" for 127.0.0.1 at 2021-06-03 10:15:17 -0400
Processing by StaticPagesController#index as HTML
  Rendering static_pages/index.html.erb within layouts/application
  Rendered shared/_main_nav.html.erb (0.1ms)
  Rendered shared/_masthead.html.erb (0.1ms)
  Rendered shared/_sections_nav.html.erb (0.1ms)
  Rendered shared/_search_modal.html.erb (0.1ms)
  Rendered shared/_main_content.html.erb (0.1ms)
  Rendered static_pages/index.html.erb within layouts/application (2.6ms)
Completed 200 OK in 10ms (Views: 9.5ms | ActiveRecord: 0.0ms)


Started GET "/assets/components/sidebar.self-2a1277f850a6fa21e1a974ef5152f177ac05516477d5081d593bb137b3d6808b.js?body=1" for 127.0.0.1 at 2021-06-03 10:15:20 -0400
Started GET "/assets/jquery.self-bd7ddd393353a8d2480a622e80342adf488fb6006d667e8b42e4c0073393abee.js?body=1" for 127.0.0.1 at 2021-06-03 10:15:20 -0400
Started GET "/assets/application.self-817c10d7cb9881b51a773448366471816a073c86b9295e389f0b9898f7f31205.css?body=1" for 127.0.0.1 at 2021-06-03 10:15:20 -0400
Started GET "/assets/components/modal.self-52188644dbb47def5ee35ae02e69eb567ca9b664472357a8a5789dd39032a265.js?body=1" for 127.0.0.1 at 2021-06-03 10:15:20 -0400
Started GET "/assets/jquery_ujs.self-784a997f6726036b1993eb2217c9cb558e1cbb801c6da88105588c56f13b466a.js?body=1" for 127.0.0.1 at 2021-06-03 10:15:20 -0400
Started GET "/assets/application.self-f571b9db02bf4ed04c38a6a29072ac382f7d4f47db1fab9817aeadb0d8665235.js?body=1" for 127.0.0.1 at 2021-06-03 10:15:20 -0400
Started GET "/assets/application.self-817c10d7cb9881b51a773448366471816a073c86b9295e389f0b9898f7f31205.css?body=1&livereload=1622730125008" for ::1 at 2021-06-03 10:22:05 -0400
Started GET "/assets/application.self-817c10d7cb9881b51a773448366471816a073c86b9295e389f0b9898f7f31205.css?body=1&livereload=1622730125016" for ::1 at 2021-06-03 10:22:05 -0400
Started GET "/assets/application.self-817c10d7cb9881b51a773448366471816a073c86b9295e389f0b9898f7f31205.css?body=1&livereload=1622730197689" for ::1 at 2021-06-03 10:23:17 -0400
Started GET "/assets/application.self-817c10d7cb9881b51a773448366471816a073c86b9295e389f0b9898f7f31205.css?body=1&livereload=1622730197693" for ::1 at 2021-06-03 10:23:17 -0400
Started GET "/assets/application.self-817c10d7cb9881b51a773448366471816a073c86b9295e389f0b9898f7f31205.css?body=1&livereload=1622730444179" for ::1 at 2021-06-03 10:27:24 -0400
Started GET "/assets/application.self-817c10d7cb9881b51a773448366471816a073c86b9295e389f0b9898f7f31205.css?body=1&livereload=1622730444186" for ::1 at 2021-06-03 10:27:24 -0400
Started GET "/" for ::1 at 2021-06-03 10:27:35 -0400
Processing by StaticPagesController#index as HTML
  Rendering static_pages/index.html.erb within layouts/application
  Rendered shared/_main_nav.html.erb (0.1ms)
  Rendered shared/_masthead.html.erb (0.1ms)
  Rendered shared/_sections_nav.html.erb (0.1ms)
  Rendered shared/_search_modal.html.erb (0.2ms)
  Rendered shared/_main_content.html.erb (0.3ms)
  Rendered static_pages/index.html.erb within layouts/application (3.3ms)
Completed 500 Internal Server Error in 15ms (ActiveRecord: 0.0ms)



Sass::SyntaxError - Invalid CSS after "  padding": expected ";", was ": 0":
  app/views/layouts/application.html.erb:7:in `_app_views_layouts_application_html_erb__946230368933847638_70311905350000'

Started POST "/__better_errors/4c987af894ada3f9/variables" for ::1 at 2021-06-03 10:27:35 -0400
Started GET "/" for ::1 at 2021-06-03 10:39:41 -0400
Processing by StaticPagesController#index as HTML
  Rendering static_pages/index.html.erb within layouts/application
  Rendered shared/_main_nav.html.erb (0.3ms)
  Rendered shared/_masthead.html.erb (0.3ms)
  Rendered shared/_sections_nav.html.erb (0.3ms)
  Rendered shared/_search_modal.html.erb (0.2ms)
  Rendered shared/_main_content.html.erb (0.2ms)
  Rendered static_pages/index.html.erb within layouts/application (4.3ms)
Completed 200 OK in 85ms (Views: 84.2ms | ActiveRecord: 0.0ms)


Started GET "/assets/application.self-eba76d17d32914eadf3f8150eeb8831625a8a5bc0059c598c59ec5c0c09118dd.css?body=1" for ::1 at 2021-06-03 10:39:41 -0400
Started GET "/assets/application.self-eba76d17d32914eadf3f8150eeb8831625a8a5bc0059c598c59ec5c0c09118dd.css?body=1&livereload=1622731318534" for ::1 at 2021-06-03 10:41:58 -0400
Started GET "/assets/application.self-eba76d17d32914eadf3f8150eeb8831625a8a5bc0059c598c59ec5c0c09118dd.css?body=1&livereload=1622731318541" for ::1 at 2021-06-03 10:41:58 -0400
Started GET "/assets/application.self-eba76d17d32914eadf3f8150eeb8831625a8a5bc0059c598c59ec5c0c09118dd.css?body=1&livereload=1622731429187" for ::1 at 2021-06-03 10:43:49 -0400
Started GET "/assets/application.self-eba76d17d32914eadf3f8150eeb8831625a8a5bc0059c598c59ec5c0c09118dd.css?body=1&livereload=1622731429193" for ::1 at 2021-06-03 10:43:49 -0400
Started GET "/assets/application.self-eba76d17d32914eadf3f8150eeb8831625a8a5bc0059c598c59ec5c0c09118dd.css?body=1&livereload=1622731460395" for ::1 at 2021-06-03 10:44:20 -0400
Started GET "/assets/application.self-eba76d17d32914eadf3f8150eeb8831625a8a5bc0059c598c59ec5c0c09118dd.css?body=1&livereload=1622731460404" for ::1 at 2021-06-03 10:44:20 -0400
Started GET "/assets/application.self-eba76d17d32914eadf3f8150eeb8831625a8a5bc0059c598c59ec5c0c09118dd.css?body=1&livereload=1622731511707" for ::1 at 2021-06-03 10:45:11 -0400
Started GET "/assets/application.self-eba76d17d32914eadf3f8150eeb8831625a8a5bc0059c598c59ec5c0c09118dd.css?body=1&livereload=1622731511711" for ::1 at 2021-06-03 10:45:11 -0400
Started GET "/assets/application.self-eba76d17d32914eadf3f8150eeb8831625a8a5bc0059c598c59ec5c0c09118dd.css?body=1&livereload=1622731546067" for ::1 at 2021-06-03 10:45:46 -0400
Started GET "/assets/application.self-eba76d17d32914eadf3f8150eeb8831625a8a5bc0059c598c59ec5c0c09118dd.css?body=1&livereload=1622731546070" for ::1 at 2021-06-03 10:45:46 -0400
Started GET "/assets/application.self-eba76d17d32914eadf3f8150eeb8831625a8a5bc0059c598c59ec5c0c09118dd.css?body=1&livereload=1622731818868" for ::1 at 2021-06-03 10:50:18 -0400
Started GET "/assets/application.self-eba76d17d32914eadf3f8150eeb8831625a8a5bc0059c598c59ec5c0c09118dd.css?body=1&livereload=1622731818878" for ::1 at 2021-06-03 10:50:18 -0400
Started GET "/assets/application.self-eba76d17d32914eadf3f8150eeb8831625a8a5bc0059c598c59ec5c0c09118dd.css?body=1&livereload=1622731841958" for ::1 at 2021-06-03 10:50:41 -0400
Started GET "/assets/application.self-eba76d17d32914eadf3f8150eeb8831625a8a5bc0059c598c59ec5c0c09118dd.css?body=1&livereload=1622731841970" for ::1 at 2021-06-03 10:50:41 -0400
Started GET "/" for ::1 at 2021-06-03 10:50:52 -0400
Processing by StaticPagesController#index as HTML
  Rendering static_pages/index.html.erb within layouts/application
  Rendered shared/_main_nav.html.erb (0.4ms)
  Rendered shared/_masthead.html.erb (0.3ms)
  Rendered shared/_sections_nav.html.erb (0.3ms)
  Rendered shared/_search_modal.html.erb (0.2ms)
  Rendered shared/_main_content.html.erb (0.1ms)
  Rendered static_pages/index.html.erb within layouts/application (5.4ms)
Completed 200 OK in 19ms (Views: 18.3ms | ActiveRecord: 0.0ms)


Started GET "/assets/application.self-cf18910d1af77a75c7c44ad9bc1b71ca325790c5e381f77141eea841622f6984.css?body=1" for ::1 at 2021-06-03 10:50:53 -0400
Started GET "/assets/application.self-cf18910d1af77a75c7c44ad9bc1b71ca325790c5e381f77141eea841622f6984.css?body=1&livereload=1622732104388" for ::1 at 2021-06-03 10:55:04 -0400
Started GET "/assets/application.self-cf18910d1af77a75c7c44ad9bc1b71ca325790c5e381f77141eea841622f6984.css?body=1&livereload=1622732104386" for ::1 at 2021-06-03 10:55:04 -0400
Started GET "/" for 127.0.0.1 at 2021-06-03 10:59:08 -0400
Processing by StaticPagesController#index as HTML
  Rendering static_pages/index.html.erb within layouts/application
  Rendered shared/_main_nav.html.erb (0.1ms)
  Rendered shared/_masthead.html.erb (0.1ms)
  Rendered shared/_sections_nav.html.erb (0.1ms)
  Rendered shared/_search_modal.html.erb (0.1ms)
  Rendered shared/_main_content.html.erb (0.1ms)
  Rendered static_pages/index.html.erb within layouts/application (2.4ms)
Completed 200 OK in 17ms (Views: 16.3ms | ActiveRecord: 0.0ms)


Started GET "/assets/components/sidebar.self-2a1277f850a6fa21e1a974ef5152f177ac05516477d5081d593bb137b3d6808b.js?body=1" for 127.0.0.1 at 2021-06-03 10:59:08 -0400
Started GET "/assets/application.self-f571b9db02bf4ed04c38a6a29072ac382f7d4f47db1fab9817aeadb0d8665235.js?body=1" for 127.0.0.1 at 2021-06-03 10:59:08 -0400
Started GET "/assets/components/modal.self-52188644dbb47def5ee35ae02e69eb567ca9b664472357a8a5789dd39032a265.js?body=1" for 127.0.0.1 at 2021-06-03 10:59:09 -0400
Started GET "/assets/jquery_ujs.self-784a997f6726036b1993eb2217c9cb558e1cbb801c6da88105588c56f13b466a.js?body=1" for 127.0.0.1 at 2021-06-03 10:59:09 -0400
Started GET "/assets/application.self-c0f62a9e67c43db81cff8d1e55b89b1ac56ed7da1ac2a301ae731638ab3becfd.css?body=1" for 127.0.0.1 at 2021-06-03 10:59:09 -0400
Started GET "/assets/jquery.self-bd7ddd393353a8d2480a622e80342adf488fb6006d667e8b42e4c0073393abee.js?body=1" for 127.0.0.1 at 2021-06-03 10:59:09 -0400
Started GET "/" for ::1 at 2021-06-03 11:02:08 -0400
Processing by StaticPagesController#index as HTML
  Rendering static_pages/index.html.erb within layouts/application
  Rendered shared/_main_nav.html.erb (0.2ms)
  Rendered shared/_masthead.html.erb (0.1ms)
  Rendered shared/_sections_nav.html.erb (0.1ms)
  Rendered shared/_search_modal.html.erb (0.1ms)
  Rendered shared/_main_content.html.erb (0.2ms)
  Rendered static_pages/index.html.erb within layouts/application (2.8ms)
Completed 200 OK in 11ms (Views: 10.0ms | ActiveRecord: 0.0ms)


Started GET "/assets/application.self-c0f62a9e67c43db81cff8d1e55b89b1ac56ed7da1ac2a301ae731638ab3becfd.css?body=1" for ::1 at 2021-06-03 11:02:08 -0400
Started GET "/" for ::1 at 2021-06-03 11:03:41 -0400
Processing by StaticPagesController#index as HTML
  Rendering static_pages/index.html.erb within layouts/application
  Rendered shared/_main_nav.html.erb (0.5ms)
  Rendered shared/_masthead.html.erb (0.2ms)
  Rendered shared/_sections_nav.html.erb (0.1ms)
  Rendered shared/_search_modal.html.erb (0.2ms)
  Rendered shared/_main_content.html.erb (0.2ms)
  Rendered static_pages/index.html.erb within layouts/application (3.7ms)
Completed 200 OK in 15ms (Views: 13.5ms | ActiveRecord: 0.0ms)


Started GET "/" for ::1 at 2021-06-03 11:04:30 -0400
Processing by StaticPagesController#index as HTML
  Rendering static_pages/index.html.erb within layouts/application
  Rendered shared/_main_nav.html.erb (0.1ms)
  Rendered shared/_masthead.html.erb (0.1ms)
  Rendered shared/_sections_nav.html.erb (0.1ms)
  Rendered shared/_search_modal.html.erb (0.2ms)
  Rendered shared/_main_content.html.erb (0.2ms)
  Rendered static_pages/index.html.erb within layouts/application (3.5ms)
Completed 200 OK in 13ms (Views: 12.4ms | ActiveRecord: 0.0ms)


Started GET "/" for 127.0.0.1 at 2021-06-03 11:08:30 -0400
Processing by StaticPagesController#index as HTML
  Rendering static_pages/index.html.erb within layouts/application
  Rendered shared/_main_nav.html.erb (0.1ms)
  Rendered shared/_masthead.html.erb (0.1ms)
  Rendered shared/_sections_nav.html.erb (0.1ms)
  Rendered shared/_search_modal.html.erb (0.1ms)
  Rendered shared/_main_content.html.erb (0.1ms)
  Rendered static_pages/index.html.erb within layouts/application (2.4ms)
Completed 200 OK in 10ms (Views: 9.2ms | ActiveRecord: 0.0ms)


Started GET "/" for ::1 at 2021-06-03 11:08:41 -0400
Processing by StaticPagesController#index as HTML
  Rendering static_pages/index.html.erb within layouts/application
  Rendered shared/_gear_dropdown.html.erb (0.1ms)
  Rendered shared/_main_nav.html.erb (0.8ms)
  Rendered shared/_masthead.html.erb (0.1ms)
  Rendered shared/_sections_nav.html.erb (0.1ms)
  Rendered shared/_search_modal.html.erb (0.1ms)
  Rendered shared/_main_content.html.erb (0.1ms)
  Rendered static_pages/index.html.erb within layouts/application (3.4ms)
Completed 200 OK in 11ms (Views: 10.5ms | ActiveRecord: 0.0ms)


Started GET "/" for 127.0.0.1 at 2021-06-03 11:08:47 -0400
Processing by StaticPagesController#index as HTML
  Rendering static_pages/index.html.erb within layouts/application
  Rendered shared/_gear_dropdown.html.erb (0.2ms)
  Rendered shared/_main_nav.html.erb (1.5ms)
  Rendered shared/_masthead.html.erb (0.4ms)
  Rendered shared/_sections_nav.html.erb (0.2ms)
  Rendered shared/_search_modal.html.erb (0.1ms)
  Rendered shared/_main_content.html.erb (0.1ms)
  Rendered static_pages/index.html.erb within layouts/application (5.4ms)
Completed 200 OK in 15ms (Views: 14.7ms | ActiveRecord: 0.0ms)


Started GET "/" for 127.0.0.1 at 2021-06-03 11:08:52 -0400
Processing by StaticPagesController#index as HTML
  Rendering static_pages/index.html.erb within layouts/application
  Rendered shared/_gear_dropdown.html.erb (0.1ms)
  Rendered shared/_main_nav.html.erb (0.7ms)
  Rendered shared/_masthead.html.erb (0.2ms)
  Rendered shared/_sections_nav.html.erb (0.2ms)
  Rendered shared/_search_modal.html.erb (0.2ms)
  Rendered shared/_main_content.html.erb (0.1ms)
  Rendered static_pages/index.html.erb within layouts/application (3.7ms)
Completed 200 OK in 12ms (Views: 11.2ms | ActiveRecord: 0.0ms)


Started GET "/" for 127.0.0.1 at 2021-06-03 11:08:55 -0400
Processing by StaticPagesController#index as HTML
  Rendering static_pages/index.html.erb within layouts/application
  Rendered shared/_gear_dropdown.html.erb (0.1ms)
  Rendered shared/_main_nav.html.erb (0.7ms)
  Rendered shared/_masthead.html.erb (0.1ms)
  Rendered shared/_sections_nav.html.erb (0.1ms)
  Rendered shared/_search_modal.html.erb (0.1ms)
  Rendered shared/_main_content.html.erb (0.1ms)
  Rendered static_pages/index.html.erb within layouts/application (3.0ms)
Completed 200 OK in 10ms (Views: 9.4ms | ActiveRecord: 0.0ms)


Started GET "/" for 127.0.0.1 at 2021-06-03 11:09:15 -0400
Processing by StaticPagesController#index as HTML
  Rendering static_pages/index.html.erb within layouts/application
  Rendered shared/_gear_dropdown.html.erb (0.1ms)
  Rendered shared/_main_nav.html.erb (0.6ms)
  Rendered shared/_masthead.html.erb (0.1ms)
  Rendered shared/_sections_nav.html.erb (0.1ms)
  Rendered shared/_search_modal.html.erb (0.1ms)
  Rendered shared/_main_content.html.erb (0.1ms)
  Rendered static_pages/index.html.erb within layouts/application (2.8ms)
Completed 200 OK in 14ms (Views: 13.5ms | ActiveRecord: 0.0ms)


Started GET "/" for 127.0.0.1 at 2021-06-03 11:09:43 -0400
Processing by StaticPagesController#index as HTML
  Rendering static_pages/index.html.erb within layouts/application
  Rendered shared/_gear_dropdown.html.erb (0.1ms)
  Rendered shared/_main_nav.html.erb (0.7ms)
  Rendered shared/_masthead.html.erb (0.1ms)
  Rendered shared/_sections_nav.html.erb (0.1ms)
  Rendered shared/_search_modal.html.erb (0.1ms)
  Rendered shared/_main_content.html.erb (0.1ms)
  Rendered static_pages/index.html.erb within layouts/application (3.1ms)
Completed 200 OK in 10ms (Views: 9.8ms | ActiveRecord: 0.0ms)


Started GET "/" for ::1 at 2021-06-03 11:10:03 -0400
Processing by StaticPagesController#index as HTML
  Rendering static_pages/index.html.erb within layouts/application
  Rendered shared/_sections_sidebar.html.erb (0.1ms)
  Rendered shared/_gear_dropdown.html.erb (0.2ms)
  Rendered shared/_main_nav.html.erb (1.3ms)
  Rendered shared/_masthead.html.erb (0.3ms)
  Rendered shared/_sections_nav.html.erb (0.3ms)
  Rendered shared/_search_modal.html.erb (0.1ms)
  Rendered shared/_main_content.html.erb (0.1ms)
  Rendered static_pages/index.html.erb within layouts/application (4.5ms)
Completed 200 OK in 12ms (Views: 11.4ms | ActiveRecord: 0.0ms)


Started GET "/" for 127.0.0.1 at 2021-06-03 11:10:38 -0400
Processing by StaticPagesController#index as HTML
  Rendering static_pages/index.html.erb within layouts/application
  Rendered shared/_sections_sidebar.html.erb (0.1ms)
  Rendered shared/_gear_dropdown.html.erb (0.1ms)
  Rendered shared/_main_nav.html.erb (1.0ms)
  Rendered shared/_masthead.html.erb (0.1ms)
  Rendered shared/_sections_nav.html.erb (0.1ms)
  Rendered shared/_search_modal.html.erb (0.1ms)
  Rendered shared/_main_content.html.erb (0.1ms)
  Rendered static_pages/index.html.erb within layouts/application (3.2ms)
Completed 200 OK in 11ms (Views: 10.5ms | ActiveRecord: 0.0ms)


Started GET "/" for 127.0.0.1 at 2021-06-03 11:10:43 -0400
Processing by StaticPagesController#index as HTML
  Rendering static_pages/index.html.erb within layouts/application
  Rendered shared/_sections_sidebar.html.erb (0.1ms)
  Rendered shared/_gear_dropdown.html.erb (0.1ms)
  Rendered shared/_main_nav.html.erb (1.2ms)
  Rendered shared/_masthead.html.erb (0.1ms)
  Rendered shared/_sections_nav.html.erb (0.1ms)
  Rendered shared/_search_modal.html.erb (0.1ms)
  Rendered shared/_main_content.html.erb (0.1ms)
  Rendered static_pages/index.html.erb within layouts/application (3.5ms)
Completed 200 OK in 10ms (Views: 9.7ms | ActiveRecord: 0.0ms)


Started GET "/" for ::1 at 2021-06-03 11:10:47 -0400
Started GET "/" for ::1 at 2021-06-03 11:10:47 -0400
Processing by StaticPagesController#index as HTML
  Rendering static_pages/index.html.erb within layouts/application
Processing by StaticPagesController#index as HTML
  Rendering static_pages/index.html.erb within layouts/application
  Rendered shared/_sections_sidebar.html.erb (0.0ms)
  Rendered shared/_sections_sidebar.html.erb (0.1ms)
  Rendered shared/_gear_dropdown.html.erb (0.2ms)
  Rendered shared/_gear_dropdown.html.erb (0.0ms)
  Rendered shared/_main_nav.html.erb (3.0ms)
  Rendered shared/_main_nav.html.erb (1.7ms)
  Rendered shared/_masthead.html.erb (0.1ms)
  Rendered shared/_masthead.html.erb (0.0ms)
  Rendered shared/_sections_nav.html.erb (0.1ms)
  Rendered shared/_sections_nav.html.erb (0.0ms)
  Rendered shared/_search_modal.html.erb (0.1ms)
  Rendered shared/_search_modal.html.erb (0.0ms)
  Rendered shared/_main_content.html.erb (0.1ms)
  Rendered shared/_main_content.html.erb (0.0ms)
  Rendered static_pages/index.html.erb within layouts/application (9.2ms)
  Rendered static_pages/index.html.erb within layouts/application (6.1ms)
Completed 200 OK in 25ms (Views: 24.5ms | ActiveRecord: 0.0ms)


Completed 200 OK in 31ms (Views: 30.5ms | ActiveRecord: 0.0ms)


Started GET "/" for 127.0.0.1 at 2021-06-03 11:11:04 -0400
Processing by StaticPagesController#index as HTML
  Rendering static_pages/index.html.erb within layouts/application
  Rendered shared/_sections_sidebar.html.erb (0.1ms)
  Rendered shared/_gear_dropdown.html.erb (0.1ms)
  Rendered shared/_main_nav.html.erb (1.1ms)
  Rendered shared/_masthead.html.erb (0.1ms)
  Rendered shared/_sections_nav.html.erb (0.1ms)
  Rendered shared/_search_modal.html.erb (0.1ms)
  Rendered shared/_main_content.html.erb (0.1ms)
  Rendered static_pages/index.html.erb within layouts/application (3.3ms)
Completed 200 OK in 15ms (Views: 15.0ms | ActiveRecord: 0.0ms)


Started GET "/" for ::1 at 2021-06-03 11:11:52 -0400
Processing by StaticPagesController#index as HTML
  Rendering static_pages/index.html.erb within layouts/application
  Rendered shared/_sections_sidebar.html.erb (0.2ms)
  Rendered shared/_gear_dropdown.html.erb (0.3ms)
  Rendered shared/_main_nav.html.erb (1.7ms)
  Rendered shared/_masthead.html.erb (0.1ms)
  Rendered shared/_sections_nav.html.erb (0.1ms)
  Rendered shared/_search_modal.html.erb (0.1ms)
  Rendered shared/_main_content.html.erb (0.1ms)
  Rendered static_pages/index.html.erb within layouts/application (4.2ms)
Completed 200 OK in 12ms (Views: 11.0ms | ActiveRecord: 0.0ms)


Started GET "/" for ::1 at 2021-06-03 11:11:54 -0400
Processing by StaticPagesController#index as HTML
  Rendering static_pages/index.html.erb within layouts/application
  Rendered shared/_sections_sidebar.html.erb (0.1ms)
  Rendered shared/_gear_dropdown.html.erb (0.1ms)
  Rendered shared/_main_nav.html.erb (1.5ms)
  Rendered shared/_masthead.html.erb (0.1ms)
  Rendered shared/_sections_nav.html.erb (0.1ms)
  Rendered shared/_search_modal.html.erb (0.1ms)
  Rendered shared/_main_content.html.erb (0.1ms)
  Rendered static_pages/index.html.erb within layouts/application (4.2ms)
Completed 200 OK in 12ms (Views: 11.6ms | ActiveRecord: 0.0ms)


Started GET "/" for 127.0.0.1 at 2021-06-03 11:12:04 -0400
Processing by StaticPagesController#index as HTML
  Rendering static_pages/index.html.erb within layouts/application
  Rendered shared/_sections_sidebar.html.erb (0.1ms)
  Rendered shared/_gear_dropdown.html.erb (0.1ms)
  Rendered shared/_main_nav.html.erb (1.2ms)
  Rendered shared/_masthead.html.erb (0.1ms)
  Rendered shared/_sections_nav.html.erb (0.2ms)
  Rendered shared/_search_modal.html.erb (0.2ms)
  Rendered shared/_main_content.html.erb (0.1ms)
  Rendered static_pages/index.html.erb within layouts/application (7.8ms)
Completed 200 OK in 14ms (Views: 13.6ms | ActiveRecord: 0.0ms)


Started GET "/" for ::1 at 2021-06-03 11:12:55 -0400
Processing by StaticPagesController#index as HTML
  Rendering static_pages/index.html.erb within layouts/application
  Rendered shared/_gear_dropdown.html.erb (0.1ms)
  Rendered shared/_sections_sidebar.html.erb (0.1ms)
  Rendered shared/_gear_dropdown.html.erb (0.0ms)
  Rendered shared/_main_nav.html.erb (1.6ms)
  Rendered shared/_masthead.html.erb (0.1ms)
  Rendered shared/_sections_nav.html.erb (0.1ms)
  Rendered shared/_search_modal.html.erb (0.1ms)
  Rendered shared/_main_content.html.erb (0.1ms)
  Rendered static_pages/index.html.erb within layouts/application (4.0ms)
Completed 200 OK in 11ms (Views: 10.4ms | ActiveRecord: 0.0ms)


Started GET "/" for 127.0.0.1 at 2021-06-03 11:13:41 -0400
Processing by StaticPagesController#index as HTML
  Rendering static_pages/index.html.erb within layouts/application
  Rendered shared/_gear_dropdown.html.erb (0.1ms)
  Rendered shared/_sections_sidebar.html.erb (0.1ms)
  Rendered shared/_gear_dropdown.html.erb (0.0ms)
  Rendered shared/_main_nav.html.erb (1.4ms)
  Rendered shared/_masthead.html.erb (0.1ms)
  Rendered shared/_sections_nav.html.erb (0.2ms)
  Rendered shared/_search_modal.html.erb (0.2ms)
  Rendered shared/_main_content.html.erb (0.1ms)
  Rendered static_pages/index.html.erb within layouts/application (4.1ms)
Completed 200 OK in 12ms (Views: 11.4ms | ActiveRecord: 0.0ms)


Started GET "/" for 127.0.0.1 at 2021-06-03 11:14:40 -0400
Processing by StaticPagesController#index as HTML
  Rendering static_pages/index.html.erb within layouts/application
  Rendered shared/_gear_dropdown.html.erb (0.1ms)
  Rendered shared/_sections_sidebar.html.erb (0.2ms)
  Rendered shared/_gear_dropdown.html.erb (0.0ms)
  Rendered shared/_main_nav.html.erb (1.9ms)
  Rendered shared/_masthead.html.erb (0.3ms)
  Rendered shared/_sections_nav.html.erb (0.2ms)
  Rendered shared/_search_modal.html.erb (0.2ms)
  Rendered shared/_main_content.html.erb (0.1ms)
  Rendered static_pages/index.html.erb within layouts/application (5.1ms)
Completed 200 OK in 14ms (Views: 13.5ms | ActiveRecord: 0.0ms)


Started GET "/" for 127.0.0.1 at 2021-06-03 11:15:30 -0400
Processing by StaticPagesController#index as HTML
  Rendering static_pages/index.html.erb within layouts/application
  Rendered shared/_gear_dropdown.html.erb (0.1ms)
  Rendered shared/_sections_sidebar.html.erb (0.1ms)
  Rendered shared/_gear_dropdown.html.erb (0.0ms)
  Rendered shared/_main_nav.html.erb (1.6ms)
  Rendered shared/_masthead.html.erb (0.1ms)
  Rendered shared/_sections_nav.html.erb (0.1ms)
  Rendered shared/_search_modal.html.erb (0.1ms)
  Rendered shared/_main_content.html.erb (0.1ms)
  Rendered static_pages/index.html.erb within layouts/application (3.9ms)
Completed 200 OK in 10ms (Views: 10.0ms | ActiveRecord: 0.0ms)


Started GET "/" for 127.0.0.1 at 2021-06-03 11:15:39 -0400
Processing by StaticPagesController#index as HTML
  Rendering static_pages/index.html.erb within layouts/application
  Rendered shared/_gear_dropdown.html.erb (0.1ms)
  Rendered shared/_sections_sidebar.html.erb (0.1ms)
  Rendered shared/_gear_dropdown.html.erb (0.0ms)
  Rendered shared/_main_nav.html.erb (1.4ms)
  Rendered shared/_masthead.html.erb (0.1ms)
  Rendered shared/_sections_nav.html.erb (0.1ms)
  Rendered shared/_search_modal.html.erb (0.1ms)
  Rendered shared/_main_content.html.erb (0.1ms)
  Rendered static_pages/index.html.erb within layouts/application (3.6ms)
Completed 200 OK in 10ms (Views: 9.5ms | ActiveRecord: 0.0ms)


Started GET "/" for ::1 at 2021-06-03 11:17:51 -0400
Processing by StaticPagesController#index as HTML
  Rendering static_pages/index.html.erb within layouts/application
  Rendered shared/_gear_dropdown.html.erb (0.2ms)
  Rendered shared/_main_nav.html.erb (1.3ms)
  Rendered shared/_masthead.html.erb (0.2ms)
  Rendered shared/_sections_nav.html.erb (0.1ms)
  Rendered shared/_search_modal.html.erb (0.1ms)
  Rendered shared/_main_content.html.erb (0.1ms)
  Rendered static_pages/index.html.erb within layouts/application (4.9ms)
Completed 200 OK in 15ms (Views: 13.9ms | ActiveRecord: 0.0ms)


Started GET "/assets/application.self-c0f62a9e67c43db81cff8d1e55b89b1ac56ed7da1ac2a301ae731638ab3becfd.css?body=1&livereload=1622733492953" for ::1 at 2021-06-03 11:18:12 -0400
Started GET "/assets/application.self-c0f62a9e67c43db81cff8d1e55b89b1ac56ed7da1ac2a301ae731638ab3becfd.css?body=1&livereload=1622733492954" for ::1 at 2021-06-03 11:18:12 -0400
Started GET "/assets/application.self-c0f62a9e67c43db81cff8d1e55b89b1ac56ed7da1ac2a301ae731638ab3becfd.css?body=1&livereload=1622733496378" for ::1 at 2021-06-03 11:18:16 -0400
Started GET "/assets/application.self-c0f62a9e67c43db81cff8d1e55b89b1ac56ed7da1ac2a301ae731638ab3becfd.css?body=1&livereload=1622733496379" for ::1 at 2021-06-03 11:18:16 -0400
Started GET "/assets/application.self-c0f62a9e67c43db81cff8d1e55b89b1ac56ed7da1ac2a301ae731638ab3becfd.css?body=1&livereload=1622733571582" for ::1 at 2021-06-03 11:19:31 -0400
Started GET "/assets/application.self-c0f62a9e67c43db81cff8d1e55b89b1ac56ed7da1ac2a301ae731638ab3becfd.css?body=1&livereload=1622733571583" for ::1 at 2021-06-03 11:19:31 -0400
Started GET "/assets/application.self-c0f62a9e67c43db81cff8d1e55b89b1ac56ed7da1ac2a301ae731638ab3becfd.css?body=1&livereload=1622733579337" for ::1 at 2021-06-03 11:19:39 -0400
Started GET "/assets/application.self-c0f62a9e67c43db81cff8d1e55b89b1ac56ed7da1ac2a301ae731638ab3becfd.css?body=1&livereload=1622733579338" for ::1 at 2021-06-03 11:19:39 -0400
Started GET "/" for 127.0.0.1 at 2021-06-03 11:20:19 -0400
Processing by StaticPagesController#index as HTML
  Rendering static_pages/index.html.erb within layouts/application
  Rendered shared/_gear_dropdown.html.erb (0.1ms)
  Rendered shared/_main_nav.html.erb (0.7ms)
  Rendered shared/_masthead.html.erb (0.1ms)
  Rendered shared/_sections_nav.html.erb (0.1ms)
  Rendered shared/_search_modal.html.erb (0.1ms)
  Rendered shared/_main_content.html.erb (0.1ms)
  Rendered static_pages/index.html.erb within layouts/application (2.9ms)
Completed 200 OK in 12ms (Views: 12.0ms | ActiveRecord: 0.0ms)


Started GET "/assets/application.self-cf658d1762e3ab9702c2463b951ccb47ca463832fd4364656aa8b3034683e425.css?body=1" for 127.0.0.1 at 2021-06-03 11:20:20 -0400
Started GET "/assets/application.self-c0f62a9e67c43db81cff8d1e55b89b1ac56ed7da1ac2a301ae731638ab3becfd.css?body=1&livereload=1622733639822" for ::1 at 2021-06-03 11:20:39 -0400
Started GET "/assets/application.self-c0f62a9e67c43db81cff8d1e55b89b1ac56ed7da1ac2a301ae731638ab3becfd.css?body=1&livereload=1622733639821" for ::1 at 2021-06-03 11:20:39 -0400
Started GET "/assets/application.self-c0f62a9e67c43db81cff8d1e55b89b1ac56ed7da1ac2a301ae731638ab3becfd.css?body=1&livereload=1622733642797" for ::1 at 2021-06-03 11:20:42 -0400
Started GET "/assets/application.self-c0f62a9e67c43db81cff8d1e55b89b1ac56ed7da1ac2a301ae731638ab3becfd.css?body=1&livereload=1622733642797&livereload=1622733642797" for ::1 at 2021-06-03 11:20:42 -0400
Started GET "/assets/application.self-c0f62a9e67c43db81cff8d1e55b89b1ac56ed7da1ac2a301ae731638ab3becfd.css?body=1&livereload=1622733725406&livereload=1622733642797" for ::1 at 2021-06-03 11:22:05 -0400
Started GET "/assets/application.self-c0f62a9e67c43db81cff8d1e55b89b1ac56ed7da1ac2a301ae731638ab3becfd.css?body=1&livereload=1622733725405&livereload=1622733642797" for ::1 at 2021-06-03 11:22:05 -0400
Started GET "/assets/application.self-c0f62a9e67c43db81cff8d1e55b89b1ac56ed7da1ac2a301ae731638ab3becfd.css?body=1&livereload=1622733728020&livereload=1622733642797" for ::1 at 2021-06-03 11:22:08 -0400
Started GET "/assets/application.self-c0f62a9e67c43db81cff8d1e55b89b1ac56ed7da1ac2a301ae731638ab3becfd.css?body=1&livereload=1622733728021&livereload=1622733642797" for ::1 at 2021-06-03 11:22:08 -0400
Started GET "/assets/application.self-c0f62a9e67c43db81cff8d1e55b89b1ac56ed7da1ac2a301ae731638ab3becfd.css?body=1&livereload=1622733733250&livereload=1622733642797" for ::1 at 2021-06-03 11:22:13 -0400
Started GET "/assets/application.self-c0f62a9e67c43db81cff8d1e55b89b1ac56ed7da1ac2a301ae731638ab3becfd.css?body=1&livereload=1622733733251&livereload=1622733642797" for ::1 at 2021-06-03 11:22:13 -0400
Started GET "/assets/application.self-c0f62a9e67c43db81cff8d1e55b89b1ac56ed7da1ac2a301ae731638ab3becfd.css?body=1&livereload=1622734279786&livereload=1622733642797" for ::1 at 2021-06-03 11:31:19 -0400
Started GET "/assets/application.self-c0f62a9e67c43db81cff8d1e55b89b1ac56ed7da1ac2a301ae731638ab3becfd.css?body=1&livereload=1622734279787&livereload=1622733642797" for ::1 at 2021-06-03 11:31:19 -0400
Started GET "/" for 127.0.0.1 at 2021-06-03 11:46:21 -0400
Processing by StaticPagesController#index as HTML
  Rendering static_pages/index.html.erb within layouts/application
  Rendered shared/_gear_dropdown.html.erb (0.1ms)
  Rendered shared/_main_nav.html.erb (0.6ms)
  Rendered shared/_masthead.html.erb (0.1ms)
  Rendered shared/_sections_nav.html.erb (0.1ms)
  Rendered shared/_search_modal.html.erb (0.1ms)
  Rendered shared/_main_content.html.erb (0.1ms)
  Rendered static_pages/index.html.erb within layouts/application (2.9ms)
Completed 200 OK in 11ms (Views: 10.8ms | ActiveRecord: 0.0ms)


Started GET "/assets/application.self-65432a000d576881bc653a0b6813fd64bf5fbb0a23bfaa38a2b4282ca04ff423.css?body=1" for 127.0.0.1 at 2021-06-03 11:46:21 -0400
Started GET "/assets/application.self-c0f62a9e67c43db81cff8d1e55b89b1ac56ed7da1ac2a301ae731638ab3becfd.css?body=1&livereload=1622735208255&livereload=1622733642797" for ::1 at 2021-06-03 11:46:48 -0400
Started GET "/assets/application.self-c0f62a9e67c43db81cff8d1e55b89b1ac56ed7da1ac2a301ae731638ab3becfd.css?body=1&livereload=1622735208256&livereload=1622733642797" for ::1 at 2021-06-03 11:46:48 -0400
Started GET "/assets/application.self-c0f62a9e67c43db81cff8d1e55b89b1ac56ed7da1ac2a301ae731638ab3becfd.css?body=1&livereload=1622735211772&livereload=1622733642797" for ::1 at 2021-06-03 11:46:51 -0400
Started GET "/assets/application.self-c0f62a9e67c43db81cff8d1e55b89b1ac56ed7da1ac2a301ae731638ab3becfd.css?body=1&livereload=1622735211773&livereload=1622733642797" for ::1 at 2021-06-03 11:46:51 -0400
Started GET "/assets/application.self-c0f62a9e67c43db81cff8d1e55b89b1ac56ed7da1ac2a301ae731638ab3becfd.css?body=1&livereload=1622735218354&livereload=1622733642797" for ::1 at 2021-06-03 11:46:58 -0400
Started GET "/assets/application.self-c0f62a9e67c43db81cff8d1e55b89b1ac56ed7da1ac2a301ae731638ab3becfd.css?body=1&livereload=1622735218355&livereload=1622733642797" for ::1 at 2021-06-03 11:46:58 -0400
Started GET "/assets/application.self-c0f62a9e67c43db81cff8d1e55b89b1ac56ed7da1ac2a301ae731638ab3becfd.css?body=1&livereload=1622735222863&livereload=1622733642797" for ::1 at 2021-06-03 11:47:02 -0400
Started GET "/assets/application.self-c0f62a9e67c43db81cff8d1e55b89b1ac56ed7da1ac2a301ae731638ab3becfd.css?body=1&livereload=1622735222864&livereload=1622733642797" for ::1 at 2021-06-03 11:47:02 -0400
Started GET "/assets/application.self-c0f62a9e67c43db81cff8d1e55b89b1ac56ed7da1ac2a301ae731638ab3becfd.css?body=1&livereload=1622735230349&livereload=1622733642797" for ::1 at 2021-06-03 11:47:10 -0400
Started GET "/assets/application.self-c0f62a9e67c43db81cff8d1e55b89b1ac56ed7da1ac2a301ae731638ab3becfd.css?body=1&livereload=1622735230349&livereload=1622733642797&livereload=1622735230349" for ::1 at 2021-06-03 11:47:10 -0400
Started GET "/assets/application.self-c0f62a9e67c43db81cff8d1e55b89b1ac56ed7da1ac2a301ae731638ab3becfd.css?body=1&livereload=1622735231972&livereload=1622733642797&livereload=1622735230349" for ::1 at 2021-06-03 11:47:11 -0400
Started GET "/assets/application.self-c0f62a9e67c43db81cff8d1e55b89b1ac56ed7da1ac2a301ae731638ab3becfd.css?body=1&livereload=1622735231974&livereload=1622733642797&livereload=1622735230349" for ::1 at 2021-06-03 11:47:11 -0400
Started GET "/assets/application.self-c0f62a9e67c43db81cff8d1e55b89b1ac56ed7da1ac2a301ae731638ab3becfd.css?body=1&livereload=1622735269939&livereload=1622733642797&livereload=1622735230349" for ::1 at 2021-06-03 11:47:49 -0400
Started GET "/assets/application.self-c0f62a9e67c43db81cff8d1e55b89b1ac56ed7da1ac2a301ae731638ab3becfd.css?body=1&livereload=1622735269940&livereload=1622733642797&livereload=1622735230349" for ::1 at 2021-06-03 11:47:49 -0400
Started GET "/assets/application.self-c0f62a9e67c43db81cff8d1e55b89b1ac56ed7da1ac2a301ae731638ab3becfd.css?body=1&livereload=1622735288155&livereload=1622733642797&livereload=1622735230349" for ::1 at 2021-06-03 11:48:08 -0400
Started GET "/assets/application.self-c0f62a9e67c43db81cff8d1e55b89b1ac56ed7da1ac2a301ae731638ab3becfd.css?body=1&livereload=1622735288156&livereload=1622733642797&livereload=1622735230349" for ::1 at 2021-06-03 11:48:08 -0400
Started GET "/assets/application.self-c0f62a9e67c43db81cff8d1e55b89b1ac56ed7da1ac2a301ae731638ab3becfd.css?body=1&livereload=1622735293205&livereload=1622733642797&livereload=1622735230349" for ::1 at 2021-06-03 11:48:13 -0400
Started GET "/assets/application.self-c0f62a9e67c43db81cff8d1e55b89b1ac56ed7da1ac2a301ae731638ab3becfd.css?body=1&livereload=1622735293206&livereload=1622733642797&livereload=1622735230349" for ::1 at 2021-06-03 11:48:13 -0400
Started GET "/assets/application.self-c0f62a9e67c43db81cff8d1e55b89b1ac56ed7da1ac2a301ae731638ab3becfd.css?body=1&livereload=1622735330811&livereload=1622733642797&livereload=1622735230349" for ::1 at 2021-06-03 11:48:50 -0400
Started GET "/assets/application.self-c0f62a9e67c43db81cff8d1e55b89b1ac56ed7da1ac2a301ae731638ab3becfd.css?body=1&livereload=1622735330811&livereload=1622733642797&livereload=1622735230349&livereload=1622735330811" for ::1 at 2021-06-03 11:48:50 -0400
Started GET "/assets/application.self-c0f62a9e67c43db81cff8d1e55b89b1ac56ed7da1ac2a301ae731638ab3becfd.css?body=1&livereload=1622735335320&livereload=1622733642797&livereload=1622735230349&livereload=1622735330811" for ::1 at 2021-06-03 11:48:55 -0400
Started GET "/assets/application.self-c0f62a9e67c43db81cff8d1e55b89b1ac56ed7da1ac2a301ae731638ab3becfd.css?body=1&livereload=1622735335321&livereload=1622733642797&livereload=1622735230349&livereload=1622735330811" for ::1 at 2021-06-03 11:48:55 -0400
Started GET "/assets/application.self-c0f62a9e67c43db81cff8d1e55b89b1ac56ed7da1ac2a301ae731638ab3becfd.css?body=1&livereload=1622735343345&livereload=1622733642797&livereload=1622735230349&livereload=1622735330811" for ::1 at 2021-06-03 11:49:03 -0400
Started GET "/assets/application.self-c0f62a9e67c43db81cff8d1e55b89b1ac56ed7da1ac2a301ae731638ab3becfd.css?body=1&livereload=1622735343346&livereload=1622733642797&livereload=1622735230349&livereload=1622735330811" for ::1 at 2021-06-03 11:49:03 -0400
Started GET "/assets/application.self-c0f62a9e67c43db81cff8d1e55b89b1ac56ed7da1ac2a301ae731638ab3becfd.css?body=1&livereload=1622735353898&livereload=1622733642797&livereload=1622735230349&livereload=1622735330811" for ::1 at 2021-06-03 11:49:13 -0400
Started GET "/assets/application.self-c0f62a9e67c43db81cff8d1e55b89b1ac56ed7da1ac2a301ae731638ab3becfd.css?body=1&livereload=1622735353897&livereload=1622733642797&livereload=1622735230349&livereload=1622735330811" for ::1 at 2021-06-03 11:49:13 -0400
Started GET "/assets/application.self-c0f62a9e67c43db81cff8d1e55b89b1ac56ed7da1ac2a301ae731638ab3becfd.css?body=1&livereload=1622735359850&livereload=1622733642797&livereload=1622735230349&livereload=1622735330811" for ::1 at 2021-06-03 11:49:19 -0400
Started GET "/assets/application.self-c0f62a9e67c43db81cff8d1e55b89b1ac56ed7da1ac2a301ae731638ab3becfd.css?body=1&livereload=1622735359849&livereload=1622733642797&livereload=1622735230349&livereload=1622735330811" for ::1 at 2021-06-03 11:49:19 -0400
Started GET "/assets/application.self-c0f62a9e67c43db81cff8d1e55b89b1ac56ed7da1ac2a301ae731638ab3becfd.css?body=1&livereload=1622735366252&livereload=1622733642797&livereload=1622735230349&livereload=1622735330811" for ::1 at 2021-06-03 11:49:26 -0400
Started GET "/assets/application.self-c0f62a9e67c43db81cff8d1e55b89b1ac56ed7da1ac2a301ae731638ab3becfd.css?body=1&livereload=1622735366252&livereload=1622733642797&livereload=1622735230349&livereload=1622735330811&livereload=1622735366252" for ::1 at 2021-06-03 11:49:26 -0400
Started GET "/assets/application.self-c0f62a9e67c43db81cff8d1e55b89b1ac56ed7da1ac2a301ae731638ab3becfd.css?body=1&livereload=1622735375630&livereload=1622733642797&livereload=1622735230349&livereload=1622735330811&livereload=1622735366252" for ::1 at 2021-06-03 11:49:35 -0400
Started GET "/assets/application.self-c0f62a9e67c43db81cff8d1e55b89b1ac56ed7da1ac2a301ae731638ab3becfd.css?body=1&livereload=1622735375631&livereload=1622733642797&livereload=1622735230349&livereload=1622735330811&livereload=1622735366252" for ::1 at 2021-06-03 11:49:35 -0400
Started GET "/assets/application.self-c0f62a9e67c43db81cff8d1e55b89b1ac56ed7da1ac2a301ae731638ab3becfd.css?body=1&livereload=1622735386812&livereload=1622733642797&livereload=1622735230349&livereload=1622735330811&livereload=1622735366252" for ::1 at 2021-06-03 11:49:46 -0400
Started GET "/assets/application.self-c0f62a9e67c43db81cff8d1e55b89b1ac56ed7da1ac2a301ae731638ab3becfd.css?body=1&livereload=1622735386812&livereload=1622733642797&livereload=1622735230349&livereload=1622735330811&livereload=1622735366252&livereload=1622735386812" for ::1 at 2021-06-03 11:49:46 -0400
Started GET "/assets/application.self-c0f62a9e67c43db81cff8d1e55b89b1ac56ed7da1ac2a301ae731638ab3becfd.css?body=1&livereload=1622735407825&livereload=1622733642797&livereload=1622735230349&livereload=1622735330811&livereload=1622735366252&livereload=1622735386812" for ::1 at 2021-06-03 11:50:07 -0400
Started GET "/assets/application.self-c0f62a9e67c43db81cff8d1e55b89b1ac56ed7da1ac2a301ae731638ab3becfd.css?body=1&livereload=1622735407825&livereload=1622733642797&livereload=1622735230349&livereload=1622735330811&livereload=1622735366252&livereload=1622735386812&livereload=1622735407825" for ::1 at 2021-06-03 11:50:07 -0400
Started GET "/assets/application.self-c0f62a9e67c43db81cff8d1e55b89b1ac56ed7da1ac2a301ae731638ab3becfd.css?body=1&livereload=1622735425951&livereload=1622733642797&livereload=1622735230349&livereload=1622735330811&livereload=1622735366252&livereload=1622735386812&livereload=1622735407825" for ::1 at 2021-06-03 11:50:25 -0400
Started GET "/assets/application.self-c0f62a9e67c43db81cff8d1e55b89b1ac56ed7da1ac2a301ae731638ab3becfd.css?body=1&livereload=1622735425952&livereload=1622733642797&livereload=1622735230349&livereload=1622735330811&livereload=1622735366252&livereload=1622735386812&livereload=1622735407825" for ::1 at 2021-06-03 11:50:25 -0400
Started GET "/assets/application.self-c0f62a9e67c43db81cff8d1e55b89b1ac56ed7da1ac2a301ae731638ab3becfd.css?body=1&livereload=1622735438124&livereload=1622733642797&livereload=1622735230349&livereload=1622735330811&livereload=1622735366252&livereload=1622735386812&livereload=1622735407825" for ::1 at 2021-06-03 11:50:38 -0400
Started GET "/assets/application.self-c0f62a9e67c43db81cff8d1e55b89b1ac56ed7da1ac2a301ae731638ab3becfd.css?body=1&livereload=1622735438125&livereload=1622733642797&livereload=1622735230349&livereload=1622735330811&livereload=1622735366252&livereload=1622735386812&livereload=1622735407825" for ::1 at 2021-06-03 11:50:38 -0400
Started GET "/assets/application.self-c0f62a9e67c43db81cff8d1e55b89b1ac56ed7da1ac2a301ae731638ab3becfd.css?body=1&livereload=1622735454267&livereload=1622733642797&livereload=1622735230349&livereload=1622735330811&livereload=1622735366252&livereload=1622735386812&livereload=1622735407825" for ::1 at 2021-06-03 11:50:54 -0400
Started GET "/assets/application.self-c0f62a9e67c43db81cff8d1e55b89b1ac56ed7da1ac2a301ae731638ab3becfd.css?body=1&livereload=1622735454268&livereload=1622733642797&livereload=1622735230349&livereload=1622735330811&livereload=1622735366252&livereload=1622735386812&livereload=1622735407825" for ::1 at 2021-06-03 11:50:54 -0400
Started GET "/assets/application.self-c0f62a9e67c43db81cff8d1e55b89b1ac56ed7da1ac2a301ae731638ab3becfd.css?body=1&livereload=1622735463916&livereload=1622733642797&livereload=1622735230349&livereload=1622735330811&livereload=1622735366252&livereload=1622735386812&livereload=1622735407825&livereload=1622735463916" for ::1 at 2021-06-03 11:51:03 -0400
Started GET "/assets/application.self-c0f62a9e67c43db81cff8d1e55b89b1ac56ed7da1ac2a301ae731638ab3becfd.css?body=1&livereload=1622735463916&livereload=1622733642797&livereload=1622735230349&livereload=1622735330811&livereload=1622735366252&livereload=1622735386812&livereload=1622735407825" for ::1 at 2021-06-03 11:51:03 -0400
Started GET "/assets/application.self-c0f62a9e67c43db81cff8d1e55b89b1ac56ed7da1ac2a301ae731638ab3becfd.css?body=1&livereload=1622735471401&livereload=1622733642797&livereload=1622735230349&livereload=1622735330811&livereload=1622735366252&livereload=1622735386812&livereload=1622735407825&livereload=1622735463916" for ::1 at 2021-06-03 11:51:11 -0400
Started GET "/assets/application.self-c0f62a9e67c43db81cff8d1e55b89b1ac56ed7da1ac2a301ae731638ab3becfd.css?body=1&livereload=1622735471402&livereload=1622733642797&livereload=1622735230349&livereload=1622735330811&livereload=1622735366252&livereload=1622735386812&livereload=1622735407825&livereload=1622735463916" for ::1 at 2021-06-03 11:51:11 -0400
Started GET "/assets/application.self-c0f62a9e67c43db81cff8d1e55b89b1ac56ed7da1ac2a301ae731638ab3becfd.css?body=1&livereload=1622735500710&livereload=1622733642797&livereload=1622735230349&livereload=1622735330811&livereload=1622735366252&livereload=1622735386812&livereload=1622735407825&livereload=1622735463916" for ::1 at 2021-06-03 11:51:40 -0400
Started GET "/assets/application.self-c0f62a9e67c43db81cff8d1e55b89b1ac56ed7da1ac2a301ae731638ab3becfd.css?body=1&livereload=1622735500711&livereload=1622733642797&livereload=1622735230349&livereload=1622735330811&livereload=1622735366252&livereload=1622735386812&livereload=1622735407825&livereload=1622735463916" for ::1 at 2021-06-03 11:51:40 -0400
Started GET "/assets/application.self-c0f62a9e67c43db81cff8d1e55b89b1ac56ed7da1ac2a301ae731638ab3becfd.css?body=1&livereload=1622735506303&livereload=1622733642797&livereload=1622735230349&livereload=1622735330811&livereload=1622735366252&livereload=1622735386812&livereload=1622735407825&livereload=1622735463916" for ::1 at 2021-06-03 11:51:46 -0400
Started GET "/assets/application.self-c0f62a9e67c43db81cff8d1e55b89b1ac56ed7da1ac2a301ae731638ab3becfd.css?body=1&livereload=1622735506301&livereload=1622733642797&livereload=1622735230349&livereload=1622735330811&livereload=1622735366252&livereload=1622735386812&livereload=1622735407825&livereload=1622735463916" for ::1 at 2021-06-03 11:51:46 -0400
Started GET "/assets/application.self-c0f62a9e67c43db81cff8d1e55b89b1ac56ed7da1ac2a301ae731638ab3becfd.css?body=1&livereload=1622735510991&livereload=1622733642797&livereload=1622735230349&livereload=1622735330811&livereload=1622735366252&livereload=1622735386812&livereload=1622735407825&livereload=1622735463916" for ::1 at 2021-06-03 11:51:50 -0400
Started GET "/assets/application.self-c0f62a9e67c43db81cff8d1e55b89b1ac56ed7da1ac2a301ae731638ab3becfd.css?body=1&livereload=1622735510992&livereload=1622733642797&livereload=1622735230349&livereload=1622735330811&livereload=1622735366252&livereload=1622735386812&livereload=1622735407825&livereload=1622735463916" for ::1 at 2021-06-03 11:51:50 -0400
Started GET "/assets/application.self-c0f62a9e67c43db81cff8d1e55b89b1ac56ed7da1ac2a301ae731638ab3becfd.css?body=1&livereload=1622735516852&livereload=1622733642797&livereload=1622735230349&livereload=1622735330811&livereload=1622735366252&livereload=1622735386812&livereload=1622735407825&livereload=1622735463916" for ::1 at 2021-06-03 11:51:56 -0400
Started GET "/assets/application.self-c0f62a9e67c43db81cff8d1e55b89b1ac56ed7da1ac2a301ae731638ab3becfd.css?body=1&livereload=1622735516853&livereload=1622733642797&livereload=1622735230349&livereload=1622735330811&livereload=1622735366252&livereload=1622735386812&livereload=1622735407825&livereload=1622735463916" for ::1 at 2021-06-03 11:51:56 -0400
Started GET "/assets/application.self-c0f62a9e67c43db81cff8d1e55b89b1ac56ed7da1ac2a301ae731638ab3becfd.css?body=1&livereload=1622735522624&livereload=1622733642797&livereload=1622735230349&livereload=1622735330811&livereload=1622735366252&livereload=1622735386812&livereload=1622735407825&livereload=1622735463916" for ::1 at 2021-06-03 11:52:02 -0400
Started GET "/assets/application.self-c0f62a9e67c43db81cff8d1e55b89b1ac56ed7da1ac2a301ae731638ab3becfd.css?body=1&livereload=1622735522625&livereload=1622733642797&livereload=1622735230349&livereload=1622735330811&livereload=1622735366252&livereload=1622735386812&livereload=1622735407825&livereload=1622735463916" for ::1 at 2021-06-03 11:52:02 -0400
Started GET "/assets/application.self-c0f62a9e67c43db81cff8d1e55b89b1ac56ed7da1ac2a301ae731638ab3becfd.css?body=1&livereload=1622735526412&livereload=1622733642797&livereload=1622735230349&livereload=1622735330811&livereload=1622735366252&livereload=1622735386812&livereload=1622735407825&livereload=1622735463916" for ::1 at 2021-06-03 11:52:06 -0400
Started GET "/assets/application.self-c0f62a9e67c43db81cff8d1e55b89b1ac56ed7da1ac2a301ae731638ab3becfd.css?body=1&livereload=1622735526411&livereload=1622733642797&livereload=1622735230349&livereload=1622735330811&livereload=1622735366252&livereload=1622735386812&livereload=1622735407825&livereload=1622735463916" for ::1 at 2021-06-03 11:52:06 -0400
Started GET "/assets/application.self-c0f62a9e67c43db81cff8d1e55b89b1ac56ed7da1ac2a301ae731638ab3becfd.css?body=1&livereload=1622735551663&livereload=1622733642797&livereload=1622735230349&livereload=1622735330811&livereload=1622735366252&livereload=1622735386812&livereload=1622735407825&livereload=1622735463916" for ::1 at 2021-06-03 11:52:31 -0400
Started GET "/assets/application.self-c0f62a9e67c43db81cff8d1e55b89b1ac56ed7da1ac2a301ae731638ab3becfd.css?body=1&livereload=1622735551663&livereload=1622733642797&livereload=1622735230349&livereload=1622735330811&livereload=1622735366252&livereload=1622735386812&livereload=1622735407825&livereload=1622735463916&livereload=1622735551663" for ::1 at 2021-06-03 11:52:31 -0400
Started GET "/assets/application.self-c0f62a9e67c43db81cff8d1e55b89b1ac56ed7da1ac2a301ae731638ab3becfd.css?body=1&livereload=1622735557344&livereload=1622733642797&livereload=1622735230349&livereload=1622735330811&livereload=1622735366252&livereload=1622735386812&livereload=1622735407825&livereload=1622735463916&livereload=1622735551663" for ::1 at 2021-06-03 11:52:37 -0400
Started GET "/assets/application.self-c0f62a9e67c43db81cff8d1e55b89b1ac56ed7da1ac2a301ae731638ab3becfd.css?body=1&livereload=1622735557344&livereload=1622733642797&livereload=1622735230349&livereload=1622735330811&livereload=1622735366252&livereload=1622735386812&livereload=1622735407825&livereload=1622735463916&livereload=1622735551663&livereload=1622735557344" for ::1 at 2021-06-03 11:52:37 -0400
Started GET "/assets/application.self-c0f62a9e67c43db81cff8d1e55b89b1ac56ed7da1ac2a301ae731638ab3becfd.css?body=1&livereload=1622735622272&livereload=1622733642797&livereload=1622735230349&livereload=1622735330811&livereload=1622735366252&livereload=1622735386812&livereload=1622735407825&livereload=1622735463916&livereload=1622735551663&livereload=1622735557344" for ::1 at 2021-06-03 11:53:42 -0400
Started GET "/assets/application.self-c0f62a9e67c43db81cff8d1e55b89b1ac56ed7da1ac2a301ae731638ab3becfd.css?body=1&livereload=1622735622273&livereload=1622733642797&livereload=1622735230349&livereload=1622735330811&livereload=1622735366252&livereload=1622735386812&livereload=1622735407825&livereload=1622735463916&livereload=1622735551663&livereload=1622735557344" for ::1 at 2021-06-03 11:53:42 -0400
Started GET "/assets/application.self-c0f62a9e67c43db81cff8d1e55b89b1ac56ed7da1ac2a301ae731638ab3becfd.css?body=1&livereload=1622735633095&livereload=1622733642797&livereload=1622735230349&livereload=1622735330811&livereload=1622735366252&livereload=1622735386812&livereload=1622735407825&livereload=1622735463916&livereload=1622735551663&livereload=1622735557344" for ::1 at 2021-06-03 11:53:53 -0400
Started GET "/assets/application.self-c0f62a9e67c43db81cff8d1e55b89b1ac56ed7da1ac2a301ae731638ab3becfd.css?body=1&livereload=1622735633095&livereload=1622733642797&livereload=1622735230349&livereload=1622735330811&livereload=1622735366252&livereload=1622735386812&livereload=1622735407825&livereload=1622735463916&livereload=1622735551663&livereload=1622735557344&livereload=1622735633095" for ::1 at 2021-06-03 11:53:53 -0400
Started GET "/assets/application.self-c0f62a9e67c43db81cff8d1e55b89b1ac56ed7da1ac2a301ae731638ab3becfd.css?body=1&livereload=1622735688828&livereload=1622733642797&livereload=1622735230349&livereload=1622735330811&livereload=1622735366252&livereload=1622735386812&livereload=1622735407825&livereload=1622735463916&livereload=1622735551663&livereload=1622735557344&livereload=1622735633095" for ::1 at 2021-06-03 11:54:48 -0400
Started GET "/assets/application.self-c0f62a9e67c43db81cff8d1e55b89b1ac56ed7da1ac2a301ae731638ab3becfd.css?body=1&livereload=1622735688829&livereload=1622733642797&livereload=1622735230349&livereload=1622735330811&livereload=1622735366252&livereload=1622735386812&livereload=1622735407825&livereload=1622735463916&livereload=1622735551663&livereload=1622735557344&livereload=1622735633095" for ::1 at 2021-06-03 11:54:48 -0400
Started GET "/assets/application.self-c0f62a9e67c43db81cff8d1e55b89b1ac56ed7da1ac2a301ae731638ab3becfd.css?body=1&livereload=1622735694601&livereload=1622733642797&livereload=1622735230349&livereload=1622735330811&livereload=1622735366252&livereload=1622735386812&livereload=1622735407825&livereload=1622735463916&livereload=1622735551663&livereload=1622735557344&livereload=1622735633095" for ::1 at 2021-06-03 11:54:54 -0400
Started GET "/assets/application.self-c0f62a9e67c43db81cff8d1e55b89b1ac56ed7da1ac2a301ae731638ab3becfd.css?body=1&livereload=1622735694600&livereload=1622733642797&livereload=1622735230349&livereload=1622735330811&livereload=1622735366252&livereload=1622735386812&livereload=1622735407825&livereload=1622735463916&livereload=1622735551663&livereload=1622735557344&livereload=1622735633095" for ::1 at 2021-06-03 11:54:54 -0400
Started GET "/assets/application.self-c0f62a9e67c43db81cff8d1e55b89b1ac56ed7da1ac2a301ae731638ab3becfd.css?body=1&livereload=1622735703256&livereload=1622733642797&livereload=1622735230349&livereload=1622735330811&livereload=1622735366252&livereload=1622735386812&livereload=1622735407825&livereload=1622735463916&livereload=1622735551663&livereload=1622735557344&livereload=1622735633095" for ::1 at 2021-06-03 11:55:03 -0400
Started GET "/assets/application.self-c0f62a9e67c43db81cff8d1e55b89b1ac56ed7da1ac2a301ae731638ab3becfd.css?body=1&livereload=1622735703257&livereload=1622733642797&livereload=1622735230349&livereload=1622735330811&livereload=1622735366252&livereload=1622735386812&livereload=1622735407825&livereload=1622735463916&livereload=1622735551663&livereload=1622735557344&livereload=1622735633095" for ::1 at 2021-06-03 11:55:03 -0400
Started GET "/assets/application.self-c0f62a9e67c43db81cff8d1e55b89b1ac56ed7da1ac2a301ae731638ab3becfd.css?body=1&livereload=1622735822927&livereload=1622733642797&livereload=1622735230349&livereload=1622735330811&livereload=1622735366252&livereload=1622735386812&livereload=1622735407825&livereload=1622735463916&livereload=1622735551663&livereload=1622735557344&livereload=1622735633095" for ::1 at 2021-06-03 11:57:02 -0400
Started GET "/assets/application.self-c0f62a9e67c43db81cff8d1e55b89b1ac56ed7da1ac2a301ae731638ab3becfd.css?body=1&livereload=1622735822928&livereload=1622733642797&livereload=1622735230349&livereload=1622735330811&livereload=1622735366252&livereload=1622735386812&livereload=1622735407825&livereload=1622735463916&livereload=1622735551663&livereload=1622735557344&livereload=1622735633095" for ::1 at 2021-06-03 11:57:02 -0400
Started GET "/assets/application.self-c0f62a9e67c43db81cff8d1e55b89b1ac56ed7da1ac2a301ae731638ab3becfd.css?body=1&livereload=1622735826624&livereload=1622733642797&livereload=1622735230349&livereload=1622735330811&livereload=1622735366252&livereload=1622735386812&livereload=1622735407825&livereload=1622735463916&livereload=1622735551663&livereload=1622735557344&livereload=1622735633095" for ::1 at 2021-06-03 11:57:06 -0400
Started GET "/assets/application.self-c0f62a9e67c43db81cff8d1e55b89b1ac56ed7da1ac2a301ae731638ab3becfd.css?body=1&livereload=1622735826626&livereload=1622733642797&livereload=1622735230349&livereload=1622735330811&livereload=1622735366252&livereload=1622735386812&livereload=1622735407825&livereload=1622735463916&livereload=1622735551663&livereload=1622735557344&livereload=1622735633095" for ::1 at 2021-06-03 11:57:06 -0400
Started GET "/assets/application.self-c0f62a9e67c43db81cff8d1e55b89b1ac56ed7da1ac2a301ae731638ab3becfd.css?body=1&livereload=1622735828879&livereload=1622733642797&livereload=1622735230349&livereload=1622735330811&livereload=1622735366252&livereload=1622735386812&livereload=1622735407825&livereload=1622735463916&livereload=1622735551663&livereload=1622735557344&livereload=1622735633095" for ::1 at 2021-06-03 11:57:08 -0400
Started GET "/assets/application.self-c0f62a9e67c43db81cff8d1e55b89b1ac56ed7da1ac2a301ae731638ab3becfd.css?body=1&livereload=1622735828878&livereload=1622733642797&livereload=1622735230349&livereload=1622735330811&livereload=1622735366252&livereload=1622735386812&livereload=1622735407825&livereload=1622735463916&livereload=1622735551663&livereload=1622735557344&livereload=1622735633095" for ::1 at 2021-06-03 11:57:08 -0400
Started GET "/assets/application.self-c0f62a9e67c43db81cff8d1e55b89b1ac56ed7da1ac2a301ae731638ab3becfd.css?body=1&livereload=1622735831043&livereload=1622733642797&livereload=1622735230349&livereload=1622735330811&livereload=1622735366252&livereload=1622735386812&livereload=1622735407825&livereload=1622735463916&livereload=1622735551663&livereload=1622735557344&livereload=1622735633095" for ::1 at 2021-06-03 11:57:11 -0400
Started GET "/assets/application.self-c0f62a9e67c43db81cff8d1e55b89b1ac56ed7da1ac2a301ae731638ab3becfd.css?body=1&livereload=1622735831042&livereload=1622733642797&livereload=1622735230349&livereload=1622735330811&livereload=1622735366252&livereload=1622735386812&livereload=1622735407825&livereload=1622735463916&livereload=1622735551663&livereload=1622735557344&livereload=1622735633095" for ::1 at 2021-06-03 11:57:11 -0400
Started GET "/assets/application.self-c0f62a9e67c43db81cff8d1e55b89b1ac56ed7da1ac2a301ae731638ab3becfd.css?body=1&livereload=1622735835461&livereload=1622733642797&livereload=1622735230349&livereload=1622735330811&livereload=1622735366252&livereload=1622735386812&livereload=1622735407825&livereload=1622735463916&livereload=1622735551663&livereload=1622735557344&livereload=1622735633095" for ::1 at 2021-06-03 11:57:15 -0400
Started GET "/assets/application.self-c0f62a9e67c43db81cff8d1e55b89b1ac56ed7da1ac2a301ae731638ab3becfd.css?body=1&livereload=1622735835461&livereload=1622733642797&livereload=1622735230349&livereload=1622735330811&livereload=1622735366252&livereload=1622735386812&livereload=1622735407825&livereload=1622735463916&livereload=1622735551663&livereload=1622735557344&livereload=1622735633095&livereload=1622735835461" for ::1 at 2021-06-03 11:57:15 -0400
Started GET "/assets/application.self-c0f62a9e67c43db81cff8d1e55b89b1ac56ed7da1ac2a301ae731638ab3becfd.css?body=1&livereload=1622735838978&livereload=1622733642797&livereload=1622735230349&livereload=1622735330811&livereload=1622735366252&livereload=1622735386812&livereload=1622735407825&livereload=1622735463916&livereload=1622735551663&livereload=1622735557344&livereload=1622735633095&livereload=1622735835461" for ::1 at 2021-06-03 11:57:18 -0400
Started GET "/assets/application.self-c0f62a9e67c43db81cff8d1e55b89b1ac56ed7da1ac2a301ae731638ab3becfd.css?body=1&livereload=1622735838977&livereload=1622733642797&livereload=1622735230349&livereload=1622735330811&livereload=1622735366252&livereload=1622735386812&livereload=1622735407825&livereload=1622735463916&livereload=1622735551663&livereload=1622735557344&livereload=1622735633095&livereload=1622735835461" for ::1 at 2021-06-03 11:57:18 -0400
Started GET "/assets/application.self-c0f62a9e67c43db81cff8d1e55b89b1ac56ed7da1ac2a301ae731638ab3becfd.css?body=1&livereload=1622735840149&livereload=1622733642797&livereload=1622735230349&livereload=1622735330811&livereload=1622735366252&livereload=1622735386812&livereload=1622735407825&livereload=1622735463916&livereload=1622735551663&livereload=1622735557344&livereload=1622735633095&livereload=1622735835461" for ::1 at 2021-06-03 11:57:20 -0400
Started GET "/assets/application.self-c0f62a9e67c43db81cff8d1e55b89b1ac56ed7da1ac2a301ae731638ab3becfd.css?body=1&livereload=1622735840150&livereload=1622733642797&livereload=1622735230349&livereload=1622735330811&livereload=1622735366252&livereload=1622735386812&livereload=1622735407825&livereload=1622735463916&livereload=1622735551663&livereload=1622735557344&livereload=1622735633095&livereload=1622735835461" for ::1 at 2021-06-03 11:57:20 -0400
Started GET "/assets/application.self-c0f62a9e67c43db81cff8d1e55b89b1ac56ed7da1ac2a301ae731638ab3becfd.css?body=1&livereload=1622735843576&livereload=1622733642797&livereload=1622735230349&livereload=1622735330811&livereload=1622735366252&livereload=1622735386812&livereload=1622735407825&livereload=1622735463916&livereload=1622735551663&livereload=1622735557344&livereload=1622735633095&livereload=1622735835461" for ::1 at 2021-06-03 11:57:23 -0400
Started GET "/assets/application.self-c0f62a9e67c43db81cff8d1e55b89b1ac56ed7da1ac2a301ae731638ab3becfd.css?body=1&livereload=1622735843577&livereload=1622733642797&livereload=1622735230349&livereload=1622735330811&livereload=1622735366252&livereload=1622735386812&livereload=1622735407825&livereload=1622735463916&livereload=1622735551663&livereload=1622735557344&livereload=1622735633095&livereload=1622735835461" for ::1 at 2021-06-03 11:57:23 -0400
Started GET "/assets/application.self-c0f62a9e67c43db81cff8d1e55b89b1ac56ed7da1ac2a301ae731638ab3becfd.css?body=1&livereload=1622735845561&livereload=1622733642797&livereload=1622735230349&livereload=1622735330811&livereload=1622735366252&livereload=1622735386812&livereload=1622735407825&livereload=1622735463916&livereload=1622735551663&livereload=1622735557344&livereload=1622735633095&livereload=1622735835461" for ::1 at 2021-06-03 11:57:25 -0400
Started GET "/assets/application.self-c0f62a9e67c43db81cff8d1e55b89b1ac56ed7da1ac2a301ae731638ab3becfd.css?body=1&livereload=1622735845560&livereload=1622733642797&livereload=1622735230349&livereload=1622735330811&livereload=1622735366252&livereload=1622735386812&livereload=1622735407825&livereload=1622735463916&livereload=1622735551663&livereload=1622735557344&livereload=1622735633095&livereload=1622735835461" for ::1 at 2021-06-03 11:57:25 -0400
Started GET "/" for ::1 at 2021-06-03 11:57:30 -0400
Processing by StaticPagesController#index as HTML
  Rendering static_pages/index.html.erb within layouts/application
  Rendered shared/_gear_dropdown.html.erb (0.1ms)
  Rendered shared/_main_nav.html.erb (0.7ms)
  Rendered shared/_masthead.html.erb (0.1ms)
  Rendered shared/_sections_nav.html.erb (0.4ms)
  Rendered shared/_search_modal.html.erb (0.2ms)
  Rendered shared/_main_content.html.erb (0.2ms)
  Rendered static_pages/index.html.erb within layouts/application (4.8ms)
Completed 200 OK in 16ms (Views: 15.9ms | ActiveRecord: 0.0ms)


Started GET "/assets/application.self-8d693227f4f33423b00e468063abce83c2e8716ffa1562cab6c2b06de3c8e467.css?body=1" for ::1 at 2021-06-03 11:57:30 -0400
Started GET "/" for 127.0.0.1 at 2021-06-03 11:57:33 -0400
Processing by StaticPagesController#index as HTML
  Rendering static_pages/index.html.erb within layouts/application
  Rendered shared/_gear_dropdown.html.erb (0.1ms)
  Rendered shared/_main_nav.html.erb (0.7ms)
  Rendered shared/_masthead.html.erb (0.1ms)
  Rendered shared/_sections_nav.html.erb (0.1ms)
  Rendered shared/_search_modal.html.erb (0.1ms)
  Rendered shared/_main_content.html.erb (0.1ms)
  Rendered static_pages/index.html.erb within layouts/application (3.6ms)
Completed 200 OK in 12ms (Views: 11.1ms | ActiveRecord: 0.0ms)


Started GET "/assets/application.self-8d693227f4f33423b00e468063abce83c2e8716ffa1562cab6c2b06de3c8e467.css?body=1" for 127.0.0.1 at 2021-06-03 11:57:33 -0400
Started GET "/assets/application.self-8d693227f4f33423b00e468063abce83c2e8716ffa1562cab6c2b06de3c8e467.css?body=1&livereload=1622735883491" for ::1 at 2021-06-03 11:58:03 -0400
Started GET "/assets/application.self-8d693227f4f33423b00e468063abce83c2e8716ffa1562cab6c2b06de3c8e467.css?body=1&livereload=1622735883492" for ::1 at 2021-06-03 11:58:03 -0400
Started GET "/assets/application.self-8d693227f4f33423b00e468063abce83c2e8716ffa1562cab6c2b06de3c8e467.css?body=1&livereload=1622735885023" for ::1 at 2021-06-03 11:58:05 -0400
Started GET "/assets/application.self-8d693227f4f33423b00e468063abce83c2e8716ffa1562cab6c2b06de3c8e467.css?body=1&livereload=1622735885024" for ::1 at 2021-06-03 11:58:05 -0400
Started GET "/assets/application.self-8d693227f4f33423b00e468063abce83c2e8716ffa1562cab6c2b06de3c8e467.css?body=1&livereload=1622735887819" for ::1 at 2021-06-03 11:58:07 -0400
Started GET "/assets/application.self-8d693227f4f33423b00e468063abce83c2e8716ffa1562cab6c2b06de3c8e467.css?body=1&livereload=1622735887819&livereload=1622735887819" for ::1 at 2021-06-03 11:58:07 -0400
Started GET "/assets/application.self-8d693227f4f33423b00e468063abce83c2e8716ffa1562cab6c2b06de3c8e467.css?body=1&livereload=1622735973370&livereload=1622735887819" for ::1 at 2021-06-03 11:59:33 -0400
Started GET "/assets/application.self-8d693227f4f33423b00e468063abce83c2e8716ffa1562cab6c2b06de3c8e467.css?body=1&livereload=1622735973371&livereload=1622735887819" for ::1 at 2021-06-03 11:59:33 -0400
Started GET "/assets/application.self-8d693227f4f33423b00e468063abce83c2e8716ffa1562cab6c2b06de3c8e467.css?body=1&livereload=1622735988701&livereload=1622735887819&livereload=1622735988701" for ::1 at 2021-06-03 11:59:48 -0400
Started GET "/assets/application.self-8d693227f4f33423b00e468063abce83c2e8716ffa1562cab6c2b06de3c8e467.css?body=1&livereload=1622735988701&livereload=1622735887819" for ::1 at 2021-06-03 11:59:48 -0400
Started GET "/assets/application.self-8d693227f4f33423b00e468063abce83c2e8716ffa1562cab6c2b06de3c8e467.css?body=1&livereload=1622735993750&livereload=1622735887819&livereload=1622735988701" for ::1 at 2021-06-03 11:59:53 -0400
Started GET "/assets/application.self-8d693227f4f33423b00e468063abce83c2e8716ffa1562cab6c2b06de3c8e467.css?body=1&livereload=1622735993749&livereload=1622735887819&livereload=1622735988701" for ::1 at 2021-06-03 11:59:53 -0400
Started GET "/assets/application.self-8d693227f4f33423b00e468063abce83c2e8716ffa1562cab6c2b06de3c8e467.css?body=1&livereload=1622736005743&livereload=1622735887819&livereload=1622735988701" for ::1 at 2021-06-03 12:00:05 -0400
Started GET "/assets/application.self-8d693227f4f33423b00e468063abce83c2e8716ffa1562cab6c2b06de3c8e467.css?body=1&livereload=1622736005743&livereload=1622735887819&livereload=1622735988701&livereload=1622736005743" for ::1 at 2021-06-03 12:00:05 -0400
Started GET "/assets/application.self-8d693227f4f33423b00e468063abce83c2e8716ffa1562cab6c2b06de3c8e467.css?body=1&livereload=1622736018370&livereload=1622735887819&livereload=1622735988701&livereload=1622736005743" for ::1 at 2021-06-03 12:00:18 -0400
Started GET "/assets/application.self-8d693227f4f33423b00e468063abce83c2e8716ffa1562cab6c2b06de3c8e467.css?body=1&livereload=1622736018369&livereload=1622735887819&livereload=1622735988701&livereload=1622736005743" for ::1 at 2021-06-03 12:00:18 -0400
Started GET "/assets/application.self-8d693227f4f33423b00e468063abce83c2e8716ffa1562cab6c2b06de3c8e467.css?body=1&livereload=1622736084563&livereload=1622735887819&livereload=1622735988701&livereload=1622736005743" for ::1 at 2021-06-03 12:01:24 -0400
Started GET "/assets/application.self-8d693227f4f33423b00e468063abce83c2e8716ffa1562cab6c2b06de3c8e467.css?body=1&livereload=1622736084564&livereload=1622735887819&livereload=1622735988701&livereload=1622736005743" for ::1 at 2021-06-03 12:01:24 -0400
